<?xml version="1.0" encoding="UTF-8"?>
<coverage generated="1718610803214" clover="3.2.0">
  <project timestamp="1718610803214" name="All files">
    <metrics statements="342" coveredstatements="325" conditionals="122" coveredconditionals="107" methods="70" coveredmethods="63" elements="534" coveredelements="495" complexity="0" loc="342" ncloc="342" packages="1" files="5" classes="5"/>
    <file name="commands.ts" path="/home/jamesky/projects/examtrack/sansan-challenge-4605/src/commands.ts">
      <metrics statements="165" coveredstatements="155" conditionals="47" coveredconditionals="37" methods="11" coveredmethods="11"/>
      <line num="1" count="28" type="stmt"/>
      <line num="2" count="28" type="stmt"/>
      <line num="14" count="28" type="stmt"/>
      <line num="16" count="28" type="stmt"/>
      <line num="21" count="29" type="stmt"/>
      <line num="22" count="29" type="stmt"/>
      <line num="23" count="29" type="stmt"/>
      <line num="24" count="29" type="stmt"/>
      <line num="26" count="29" type="stmt"/>
      <line num="33" count="29" type="stmt"/>
      <line num="39" count="29" type="cond" truecount="1" falsecount="0"/>
      <line num="40" count="4" type="stmt"/>
      <line num="41" count="4" type="stmt"/>
      <line num="44" count="25" type="cond" truecount="1" falsecount="0"/>
      <line num="45" count="1" type="stmt"/>
      <line num="46" count="1" type="stmt"/>
      <line num="49" count="24" type="stmt"/>
      <line num="50" count="24" type="stmt"/>
      <line num="52" count="24" type="stmt"/>
      <line num="53" count="24" type="stmt"/>
      <line num="55" count="24" type="stmt"/>
      <line num="64" count="28" type="stmt"/>
      <line num="65" count="21" type="stmt"/>
      <line num="66" count="21" type="stmt"/>
      <line num="69" count="21" type="stmt"/>
      <line num="73" count="21" type="cond" truecount="1" falsecount="0"/>
      <line num="74" count="2" type="stmt"/>
      <line num="75" count="2" type="stmt"/>
      <line num="78" count="19" type="cond" truecount="1" falsecount="0"/>
      <line num="79" count="12" type="stmt"/>
      <line num="80" count="12" type="stmt"/>
      <line num="83" count="7" type="stmt"/>
      <line num="85" count="7" type="stmt"/>
      <line num="93" count="28" type="stmt"/>
      <line num="94" count="27" type="stmt"/>
      <line num="96" count="27" type="cond" truecount="1" falsecount="0"/>
      <line num="97" count="15" type="stmt"/>
      <line num="98" count="15" type="stmt"/>
      <line num="101" count="12" type="stmt"/>
      <line num="103" count="12" type="stmt"/>
      <line num="107" count="12" type="stmt"/>
      <line num="109" count="12" type="cond" truecount="1" falsecount="1"/>
      <line num="112" count="28" type="stmt"/>
      <line num="113" count="37" type="stmt"/>
      <line num="114" count="37" type="stmt"/>
      <line num="115" count="37" type="stmt"/>
      <line num="117" count="37" type="cond" truecount="1" falsecount="1"/>
      <line num="128" count="37" type="stmt"/>
      <line num="129" count="37" type="stmt"/>
      <line num="131" count="37" type="stmt"/>
      <line num="133" count="37" type="stmt"/>
      <line num="134" count="37" type="stmt"/>
      <line num="136" count="37" type="stmt"/>
      <line num="138" count="37" type="stmt"/>
      <line num="146" count="28" type="stmt"/>
      <line num="152" count="15" type="stmt"/>
      <line num="153" count="15" type="stmt"/>
      <line num="154" count="15" type="stmt"/>
      <line num="156" count="15" type="cond" truecount="1" falsecount="0"/>
      <line num="157" count="4" type="stmt"/>
      <line num="158" count="4" type="stmt"/>
      <line num="161" count="11" type="cond" truecount="1" falsecount="0"/>
      <line num="162" count="8" type="stmt"/>
      <line num="163" count="8" type="stmt"/>
      <line num="166" count="3" type="stmt"/>
      <line num="171" count="3" type="stmt"/>
      <line num="172" count="3" type="stmt"/>
      <line num="174" count="3" type="stmt"/>
      <line num="176" count="3" type="stmt"/>
      <line num="177" count="3" type="stmt"/>
      <line num="179" count="3" type="stmt"/>
      <line num="181" count="3" type="stmt"/>
      <line num="189" count="28" type="stmt"/>
      <line num="190" count="407" type="stmt"/>
      <line num="191" count="407" type="stmt"/>
      <line num="192" count="407" type="stmt"/>
      <line num="193" count="407" type="stmt"/>
      <line num="195" count="407" type="stmt"/>
      <line num="196" count="681" type="cond" truecount="1" falsecount="0"/>
      <line num="197" count="681" type="cond" truecount="2" falsecount="0"/>
      <line num="198" count="655" type="stmt"/>
      <line num="199" count="655" type="stmt"/>
      <line num="201" count="26" type="stmt"/>
      <line num="206" count="407" type="stmt"/>
      <line num="207" count="407" type="stmt"/>
      <line num="210" count="28" type="stmt"/>
      <line num="211" count="273" type="stmt"/>
      <line num="212" count="273" type="stmt"/>
      <line num="213" count="273" type="stmt"/>
      <line num="216" count="28" type="stmt"/>
      <line num="217" count="273" type="stmt"/>
      <line num="218" count="273" type="stmt"/>
      <line num="220" count="273" type="stmt"/>
      <line num="228" count="273" type="cond" truecount="2" falsecount="0"/>
      <line num="230" count="273" type="cond" truecount="1" falsecount="0"/>
      <line num="231" count="37" type="stmt"/>
      <line num="233" count="37" type="stmt"/>
      <line num="234" count="128" type="cond" truecount="1" falsecount="0"/>
      <line num="235" count="128" type="stmt"/>
      <line num="239" count="37" type="stmt"/>
      <line num="242" count="273" type="stmt"/>
      <line num="245" count="28" type="stmt"/>
      <line num="246" count="273" type="stmt"/>
      <line num="247" count="273" type="stmt"/>
      <line num="248" count="273" type="stmt"/>
      <line num="249" count="273" type="stmt"/>
      <line num="251" count="273" type="stmt"/>
      <line num="256" count="28" type="stmt"/>
      <line num="257" count="10" type="stmt"/>
      <line num="258" count="10" type="stmt"/>
      <line num="259" count="10" type="stmt"/>
      <line num="261" count="10" type="cond" truecount="1" falsecount="0"/>
      <line num="262" count="7" type="stmt"/>
      <line num="263" count="7" type="stmt"/>
      <line num="264" count="7" type="stmt"/>
      <line num="265" count="7" type="stmt"/>
      <line num="268" count="10" type="cond" truecount="1" falsecount="0"/>
      <line num="269" count="3" type="stmt"/>
      <line num="271" count="3" type="cond" truecount="0" falsecount="1"/>
      <line num="272" count="0" type="stmt"/>
      <line num="273" count="0" type="stmt"/>
      <line num="275" count="3" type="stmt"/>
      <line num="278" count="10" type="cond" truecount="1" falsecount="0"/>
      <line num="279" count="3" type="stmt"/>
      <line num="286" count="10" type="stmt"/>
      <line num="288" count="10" type="cond" truecount="2" falsecount="0"/>
      <line num="297" count="28" type="stmt"/>
      <line num="303" count="6" type="stmt"/>
      <line num="305" count="6" type="cond" truecount="0" falsecount="1"/>
      <line num="306" count="0" type="stmt"/>
      <line num="307" count="0" type="stmt"/>
      <line num="310" count="6" type="cond" truecount="1" falsecount="0"/>
      <line num="311" count="1" type="cond" truecount="0" falsecount="1"/>
      <line num="312" count="0" type="stmt"/>
      <line num="313" count="0" type="stmt"/>
      <line num="315" count="1" type="stmt"/>
      <line num="318" count="6" type="cond" truecount="1" falsecount="0"/>
      <line num="319" count="1" type="cond" truecount="0" falsecount="1"/>
      <line num="320" count="0" type="stmt"/>
      <line num="321" count="0" type="stmt"/>
      <line num="324" count="1" type="stmt"/>
      <line num="327" count="6" type="cond" truecount="1" falsecount="0"/>
      <line num="328" count="4" type="cond" truecount="0" falsecount="1"/>
      <line num="329" count="0" type="stmt"/>
      <line num="330" count="0" type="stmt"/>
      <line num="332" count="4" type="stmt"/>
      <line num="333" count="4" type="stmt"/>
      <line num="334" count="4" type="stmt"/>
      <line num="340" count="6" type="stmt"/>
      <line num="341" count="6" type="stmt"/>
      <line num="346" count="28" type="stmt"/>
      <line num="347" count="134" type="stmt"/>
      <line num="348" count="134" type="stmt"/>
      <line num="349" count="134" type="stmt"/>
      <line num="350" count="134" type="stmt"/>
      <line num="351" count="134" type="stmt"/>
      <line num="353" count="134" type="stmt"/>
      <line num="355" count="134" type="stmt"/>
      <line num="356" count="134" type="stmt"/>
      <line num="358" count="134" type="stmt"/>
      <line num="359" count="134" type="stmt"/>
      <line num="361" count="134" type="stmt"/>
      <line num="362" count="134" type="cond" truecount="2" falsecount="0"/>
      <line num="363" count="134" type="stmt"/>
      <line num="364" count="134" type="stmt"/>
    </file>
    <file name="constants.ts" path="/home/jamesky/projects/examtrack/sansan-challenge-4605/src/constants.ts">
      <metrics statements="36" coveredstatements="33" conditionals="20" coveredconditionals="16" methods="19" coveredmethods="16"/>
      <line num="1" count="28" type="stmt"/>
      <line num="3" count="28" type="stmt"/>
      <line num="5" count="28" type="stmt"/>
      <line num="13" count="28" type="stmt"/>
      <line num="18" count="28" type="stmt"/>
      <line num="28" count="28" type="cond" truecount="2" falsecount="0"/>
      <line num="29" count="28" type="stmt"/>
      <line num="30" count="28" type="stmt"/>
      <line num="31" count="28" type="stmt"/>
      <line num="32" count="28" type="stmt"/>
      <line num="33" count="28" type="stmt"/>
      <line num="34" count="28" type="stmt"/>
      <line num="35" count="28" type="stmt"/>
      <line num="36" count="28" type="stmt"/>
      <line num="39" count="28" type="cond" truecount="2" falsecount="0"/>
      <line num="40" count="28" type="stmt"/>
      <line num="41" count="28" type="stmt"/>
      <line num="42" count="28" type="stmt"/>
      <line num="45" count="28" type="stmt"/>
      <line num="46" count="11" type="stmt"/>
      <line num="47" count="10" type="stmt"/>
      <line num="49" count="26" type="cond" truecount="1" falsecount="1"/>
      <line num="51" count="13" type="stmt"/>
      <line num="52" count="8" type="cond" truecount="1" falsecount="1"/>
      <line num="54" count="16" type="stmt"/>
      <line num="55" count="13" type="cond" truecount="1" falsecount="1"/>
      <line num="57" count="41" type="cond" truecount="2" falsecount="0"/>
      <line num="59" count="13" type="stmt"/>
      <line num="60" count="4" type="cond" truecount="1" falsecount="1"/>
      <line num="62" count="0" type="stmt"/>
      <line num="63" count="7" type="cond" truecount="2" falsecount="0"/>
      <line num="64" count="3" type="stmt"/>
      <line num="66" count="0" type="stmt"/>
      <line num="67" count="0" type="stmt"/>
      <line num="68" count="6" type="cond" truecount="2" falsecount="0"/>
      <line num="70" count="134" type="cond" truecount="2" falsecount="0"/>
    </file>
    <file name="lib.ts" path="/home/jamesky/projects/examtrack/sansan-challenge-4605/src/lib.ts">
      <metrics statements="65" coveredstatements="65" conditionals="34" coveredconditionals="34" methods="15" coveredmethods="15"/>
      <line num="1" count="28" type="stmt"/>
      <line num="2" count="28" type="stmt"/>
      <line num="11" count="28" type="stmt"/>
      <line num="17" count="30" type="stmt"/>
      <line num="18" count="30" type="stmt"/>
      <line num="19" count="30" type="stmt"/>
      <line num="21" count="30" type="stmt"/>
      <line num="28" count="28" type="stmt"/>
      <line num="32" count="31" type="cond" truecount="2" falsecount="0"/>
      <line num="39" count="28" type="stmt"/>
      <line num="43" count="31" type="cond" truecount="2" falsecount="0"/>
      <line num="50" count="28" type="stmt"/>
      <line num="51" count="304" type="stmt"/>
      <line num="52" count="304" type="stmt"/>
      <line num="54" count="304" type="cond" truecount="4" falsecount="0"/>
      <line num="60" count="28" type="stmt"/>
      <line num="61" count="408" type="stmt"/>
      <line num="62" count="408" type="stmt"/>
      <line num="63" count="408" type="stmt"/>
      <line num="64" count="408" type="cond" truecount="2" falsecount="0"/>
      <line num="65" count="408" type="stmt"/>
      <line num="67" count="408" type="stmt"/>
      <line num="68" count="682" type="cond" truecount="1" falsecount="0"/>
      <line num="69" count="682" type="stmt"/>
      <line num="71" count="682" type="cond" truecount="1" falsecount="0"/>
      <line num="73" count="45" type="stmt"/>
      <line num="78" count="408" type="stmt"/>
      <line num="81" count="28" type="stmt"/>
      <line num="86" count="187" type="cond" truecount="1" falsecount="0"/>
      <line num="89" count="53" type="stmt"/>
      <line num="90" count="53" type="stmt"/>
      <line num="91" count="53" type="stmt"/>
      <line num="92" count="53" type="stmt"/>
      <line num="94" count="53" type="stmt"/>
      <line num="97" count="28" type="stmt"/>
      <line num="98" count="186" type="stmt"/>
      <line num="101" count="28" type="stmt"/>
      <line num="102" count="101" type="stmt"/>
      <line num="105" count="28" type="stmt"/>
      <line num="106" count="54" type="stmt"/>
      <line num="109" count="28" type="stmt"/>
      <line num="121" count="525" type="stmt"/>
      <line num="128" count="525" type="stmt"/>
      <line num="130" count="525" type="stmt"/>
      <line num="132" count="525" type="stmt"/>
      <line num="133" count="525" type="stmt"/>
      <line num="134" count="525" type="cond" truecount="2" falsecount="0"/>
      <line num="137" count="525" type="cond" truecount="2" falsecount="0"/>
      <line num="141" count="525" type="stmt"/>
      <line num="143" count="525" type="cond" truecount="2" falsecount="0"/>
      <line num="145" count="525" type="stmt"/>
      <line num="154" count="28" type="stmt"/>
      <line num="155" count="367" type="stmt"/>
      <line num="158" count="28" type="stmt"/>
      <line num="163" count="1" type="cond" truecount="2" falsecount="0"/>
      <line num="164" count="1" type="stmt"/>
      <line num="165" count="1" type="cond" truecount="2" falsecount="0"/>
      <line num="168" count="28" type="stmt"/>
      <line num="173" count="1" type="cond" truecount="2" falsecount="0"/>
      <line num="174" count="1" type="stmt"/>
      <line num="175" count="1" type="cond" truecount="2" falsecount="0"/>
      <line num="178" count="28" type="stmt"/>
      <line num="182" count="7" type="stmt"/>
      <line num="183" count="7" type="stmt"/>
      <line num="184" count="7" type="cond" truecount="2" falsecount="0"/>
    </file>
    <file name="main.ts" path="/home/jamesky/projects/examtrack/sansan-challenge-4605/src/main.ts">
      <metrics statements="43" coveredstatements="41" conditionals="11" coveredconditionals="10" methods="6" coveredmethods="4"/>
      <line num="2" count="8" type="stmt"/>
      <line num="3" count="8" type="stmt"/>
      <line num="4" count="8" type="stmt"/>
      <line num="5" count="8" type="stmt"/>
      <line num="6" count="8" type="stmt"/>
      <line num="7" count="8" type="stmt"/>
      <line num="8" count="8" type="stmt"/>
      <line num="9" count="249" type="cond" truecount="2" falsecount="1"/>
      <line num="10" count="249" type="stmt"/>
      <line num="12" count="249" type="cond" truecount="8" falsecount="0"/>
      <line num="14" count="130" type="stmt"/>
      <line num="15" count="130" type="stmt"/>
      <line num="18" count="5" type="stmt"/>
      <line num="19" count="5" type="stmt"/>
      <line num="20" count="5" type="stmt"/>
      <line num="23" count="4" type="stmt"/>
      <line num="24" count="4" type="stmt"/>
      <line num="25" count="4" type="stmt"/>
      <line num="28" count="28" type="stmt"/>
      <line num="29" count="28" type="stmt"/>
      <line num="30" count="28" type="stmt"/>
      <line num="33" count="15" type="stmt"/>
      <line num="34" count="15" type="stmt"/>
      <line num="35" count="15" type="stmt"/>
      <line num="36" count="15" type="stmt"/>
      <line num="39" count="22" type="stmt"/>
      <line num="40" count="22" type="stmt"/>
      <line num="41" count="22" type="stmt"/>
      <line num="44" count="19" type="stmt"/>
      <line num="45" count="19" type="stmt"/>
      <line num="46" count="19" type="stmt"/>
      <line num="49" count="26" type="stmt"/>
      <line num="50" count="26" type="stmt"/>
      <line num="51" count="26" type="stmt"/>
      <line num="57" count="8" type="stmt"/>
      <line num="58" count="8" type="stmt"/>
      <line num="59" count="8" type="stmt"/>
      <line num="60" count="8" type="stmt"/>
      <line num="62" count="8" type="stmt"/>
      <line num="63" count="0" type="stmt"/>
      <line num="65" count="8" type="stmt"/>
      <line num="66" count="0" type="stmt"/>
      <line num="71" count="8" type="stmt"/>
    </file>
    <file name="service_store.ts" path="/home/jamesky/projects/examtrack/sansan-challenge-4605/src/service_store.ts">
      <metrics statements="33" coveredstatements="31" conditionals="10" coveredconditionals="10" methods="19" coveredmethods="17"/>
      <line num="1" count="28" type="stmt"/>
      <line num="2" count="28" type="stmt"/>
      <line num="3" count="28" type="stmt"/>
      <line num="4" count="28" type="stmt"/>
      <line num="5" count="28" type="stmt"/>
      <line num="20" count="28" type="stmt"/>
      <line num="61" count="28" type="stmt"/>
      <line num="63" count="134" type="stmt"/>
      <line num="65" count="134" type="stmt"/>
      <line num="67" count="134" type="stmt"/>
      <line num="72" count="0" type="stmt"/>
      <line num="74" count="0" type="stmt"/>
      <line num="80" count="6" type="stmt"/>
      <line num="82" count="6" type="stmt"/>
      <line num="83" count="6" type="stmt"/>
      <line num="89" count="6" type="stmt"/>
      <line num="91" count="6" type="stmt"/>
      <line num="92" count="6" type="stmt"/>
      <line num="98" count="26" type="stmt"/>
      <line num="100" count="26" type="stmt"/>
      <line num="101" count="26" type="cond" truecount="2" falsecount="0"/>
      <line num="109" count="20" type="stmt"/>
      <line num="111" count="20" type="stmt"/>
      <line num="112" count="20" type="cond" truecount="2" falsecount="0"/>
      <line num="120" count="28" type="stmt"/>
      <line num="122" count="28" type="stmt"/>
      <line num="123" count="28" type="cond" truecount="2" falsecount="0"/>
      <line num="131" count="33" type="stmt"/>
      <line num="133" count="33" type="stmt"/>
      <line num="134" count="33" type="cond" truecount="2" falsecount="0"/>
      <line num="142" count="16" type="stmt"/>
      <line num="144" count="16" type="stmt"/>
      <line num="145" count="16" type="cond" truecount="2" falsecount="0"/>
    </file>
  </project>
</coverage>
