{"/home/jamesky/projects/examtrack/sansan-challenge-4605/src/commands.ts": {"path":"/home/jamesky/projects/examtrack/sansan-challenge-4605/src/commands.ts","statementMap":{"0":{"start":{"line":1,"column":0},"end":{"line":1,"column":58}},"1":{"start":{"line":2,"column":0},"end":{"line":2,"column":null}},"2":{"start":{"line":14,"column":0},"end":{"line":14,"column":76}},"3":{"start":{"line":21,"column":16},"end":{"line":21,"column":29}},"4":{"start":{"line":22,"column":24},"end":{"line":22,"column":56}},"5":{"start":{"line":23,"column":23},"end":{"line":23,"column":54}},"6":{"start":{"line":24,"column":22},"end":{"line":24,"column":45}},"7":{"start":{"line":26,"column":49},"end":{"line":30,"column":null}},"8":{"start":{"line":33,"column":52},"end":{"line":37,"column":4}},"9":{"start":{"line":39,"column":2},"end":{"line":42,"column":3}},"10":{"start":{"line":40,"column":4},"end":{"line":40,"column":67}},"11":{"start":{"line":41,"column":4},"end":{"line":41,"column":11}},"12":{"start":{"line":44,"column":2},"end":{"line":47,"column":3}},"13":{"start":{"line":45,"column":4},"end":{"line":45,"column":67}},"14":{"start":{"line":46,"column":4},"end":{"line":46,"column":11}},"15":{"start":{"line":49,"column":2},"end":{"line":49,"column":42}},"16":{"start":{"line":50,"column":2},"end":{"line":50,"column":44}},"17":{"start":{"line":52,"column":2},"end":{"line":52,"column":45}},"18":{"start":{"line":53,"column":2},"end":{"line":53,"column":47}},"19":{"start":{"line":55,"column":2},"end":{"line":61,"column":4}},"20":{"start":{"line":16,"column":0},"end":{"line":16,"column":16}},"21":{"start":{"line":65,"column":16},"end":{"line":65,"column":29}},"22":{"start":{"line":66,"column":24},"end":{"line":66,"column":56}},"23":{"start":{"line":69,"column":41},"end":{"line":71,"column":4}},"24":{"start":{"line":73,"column":2},"end":{"line":76,"column":3}},"25":{"start":{"line":74,"column":4},"end":{"line":74,"column":69}},"26":{"start":{"line":75,"column":4},"end":{"line":75,"column":11}},"27":{"start":{"line":78,"column":2},"end":{"line":81,"column":3}},"28":{"start":{"line":79,"column":4},"end":{"line":79,"column":48}},"29":{"start":{"line":80,"column":4},"end":{"line":80,"column":11}},"30":{"start":{"line":83,"column":2},"end":{"line":83,"column":44}},"31":{"start":{"line":85,"column":2},"end":{"line":90,"column":4}},"32":{"start":{"line":64,"column":0},"end":{"line":64,"column":16}},"33":{"start":{"line":94,"column":16},"end":{"line":94,"column":29}},"34":{"start":{"line":96,"column":2},"end":{"line":99,"column":3}},"35":{"start":{"line":97,"column":4},"end":{"line":97,"column":46}},"36":{"start":{"line":98,"column":4},"end":{"line":98,"column":11}},"37":{"start":{"line":101,"column":23},"end":{"line":101,"column":54}},"38":{"start":{"line":103,"column":30},"end":{"line":105,"column":4}},"39":{"start":{"line":107,"column":2},"end":{"line":107,"column":42}},"40":{"start":{"line":109,"column":2},"end":{"line":109,"column":82}},"41":{"start":{"line":93,"column":0},"end":{"line":93,"column":16}},"42":{"start":{"line":113,"column":16},"end":{"line":113,"column":29}},"43":{"start":{"line":114,"column":26},"end":{"line":114,"column":65}},"44":{"start":{"line":115,"column":22},"end":{"line":115,"column":42}},"45":{"start":{"line":117,"column":4},"end":{"line":125,"column":null}},"46":{"start":{"line":128,"column":2},"end":{"line":128,"column":45}},"47":{"start":{"line":129,"column":29},"end":{"line":129,"column":62}},"48":{"start":{"line":131,"column":26},"end":{"line":131,"column":76}},"49":{"start":{"line":133,"column":2},"end":{"line":133,"column":50}},"50":{"start":{"line":134,"column":2},"end":{"line":134,"column":46}},"51":{"start":{"line":136,"column":30},"end":{"line":136,"column":54}},"52":{"start":{"line":138,"column":2},"end":{"line":143,"column":4}},"53":{"start":{"line":112,"column":0},"end":{"line":112,"column":16}},"54":{"start":{"line":152,"column":16},"end":{"line":152,"column":29}},"55":{"start":{"line":153,"column":26},"end":{"line":153,"column":65}},"56":{"start":{"line":154,"column":22},"end":{"line":154,"column":46}},"57":{"start":{"line":156,"column":2},"end":{"line":159,"column":3}},"58":{"start":{"line":157,"column":4},"end":{"line":157,"column":39}},"59":{"start":{"line":158,"column":4},"end":{"line":158,"column":11}},"60":{"start":{"line":161,"column":2},"end":{"line":164,"column":3}},"61":{"start":{"line":162,"column":4},"end":{"line":162,"column":39}},"62":{"start":{"line":163,"column":4},"end":{"line":163,"column":11}},"63":{"start":{"line":166,"column":19},"end":{"line":168,"column":null}},"64":{"start":{"line":171,"column":2},"end":{"line":171,"column":45}},"65":{"start":{"line":172,"column":29},"end":{"line":172,"column":62}},"66":{"start":{"line":174,"column":26},"end":{"line":174,"column":76}},"67":{"start":{"line":176,"column":2},"end":{"line":176,"column":50}},"68":{"start":{"line":177,"column":2},"end":{"line":177,"column":46}},"69":{"start":{"line":179,"column":30},"end":{"line":179,"column":54}},"70":{"start":{"line":181,"column":2},"end":{"line":186,"column":4}},"71":{"start":{"line":146,"column":0},"end":{"line":146,"column":16}},"72":{"start":{"line":190,"column":16},"end":{"line":190,"column":29}},"73":{"start":{"line":191,"column":26},"end":{"line":191,"column":65}},"74":{"start":{"line":192,"column":22},"end":{"line":192,"column":57}},"75":{"start":{"line":193,"column":20},"end":{"line":193,"column":45}},"76":{"start":{"line":195,"column":2},"end":{"line":204,"column":3}},"77":{"start":{"line":196,"column":4},"end":{"line":203,"column":5}},"78":{"start":{"line":197,"column":6},"end":{"line":202,"column":7}},"79":{"start":{"line":198,"column":8},"end":{"line":198,"column":51}},"80":{"start":{"line":199,"column":8},"end":{"line":199,"column":39}},"81":{"start":{"line":201,"column":8},"end":{"line":201,"column":45}},"82":{"start":{"line":206,"column":2},"end":{"line":206,"column":49}},"83":{"start":{"line":207,"column":2},"end":{"line":207,"column":48}},"84":{"start":{"line":189,"column":0},"end":{"line":189,"column":16}},"85":{"start":{"line":211,"column":22},"end":{"line":211,"column":53}},"86":{"start":{"line":212,"column":20},"end":{"line":212,"column":61}},"87":{"start":{"line":213,"column":2},"end":{"line":213,"column":51}},"88":{"start":{"line":210,"column":0},"end":{"line":210,"column":16}},"89":{"start":{"line":217,"column":16},"end":{"line":217,"column":29}},"90":{"start":{"line":218,"column":26},"end":{"line":218,"column":65}},"91":{"start":{"line":220,"column":44},"end":{"line":227,"column":4}},"92":{"start":{"line":228,"column":20},"end":{"line":228,"column":51}},"93":{"start":{"line":230,"column":2},"end":{"line":240,"column":3}},"94":{"start":{"line":231,"column":4},"end":{"line":231,"column":40}},"95":{"start":{"line":233,"column":4},"end":{"line":237,"column":5}},"96":{"start":{"line":234,"column":6},"end":{"line":236,"column":7}},"97":{"start":{"line":235,"column":8},"end":{"line":235,"column":39}},"98":{"start":{"line":239,"column":4},"end":{"line":239,"column":51}},"99":{"start":{"line":242,"column":2},"end":{"line":242,"column":19}},"100":{"start":{"line":216,"column":0},"end":{"line":216,"column":16}},"101":{"start":{"line":246,"column":2},"end":{"line":246,"column":36}},"102":{"start":{"line":247,"column":2},"end":{"line":247,"column":34}},"103":{"start":{"line":248,"column":2},"end":{"line":248,"column":26}},"104":{"start":{"line":249,"column":20},"end":{"line":249,"column":52}},"105":{"start":{"line":251,"column":2},"end":{"line":253,"column":4}},"106":{"start":{"line":245,"column":0},"end":{"line":245,"column":16}},"107":{"start":{"line":257,"column":16},"end":{"line":257,"column":29}},"108":{"start":{"line":258,"column":21},"end":{"line":258,"column":47}},"109":{"start":{"line":259,"column":29},"end":{"line":259,"column":67}},"110":{"start":{"line":261,"column":2},"end":{"line":266,"column":3}},"111":{"start":{"line":262,"column":4},"end":{"line":262,"column":29}},"112":{"start":{"line":263,"column":4},"end":{"line":263,"column":44}},"113":{"start":{"line":264,"column":4},"end":{"line":264,"column":44}},"114":{"start":{"line":265,"column":4},"end":{"line":265,"column":44}},"115":{"start":{"line":268,"column":2},"end":{"line":276,"column":3}},"116":{"start":{"line":269,"column":22},"end":{"line":269,"column":57}},"117":{"start":{"line":271,"column":4},"end":{"line":274,"column":5}},"118":{"start":{"line":272,"column":6},"end":{"line":272,"column":44}},"119":{"start":{"line":273,"column":6},"end":{"line":273,"column":13}},"120":{"start":{"line":275,"column":4},"end":{"line":275,"column":35}},"121":{"start":{"line":278,"column":2},"end":{"line":284,"column":3}},"122":{"start":{"line":279,"column":4},"end":{"line":283,"column":6}},"123":{"start":{"line":286,"column":30},"end":{"line":286,"column":57}},"124":{"start":{"line":288,"column":2},"end":{"line":294,"column":53}},"125":{"start":{"line":256,"column":0},"end":{"line":256,"column":16}},"126":{"start":{"line":303,"column":16},"end":{"line":303,"column":29}},"127":{"start":{"line":305,"column":2},"end":{"line":308,"column":3}},"128":{"start":{"line":306,"column":4},"end":{"line":306,"column":46}},"129":{"start":{"line":307,"column":4},"end":{"line":307,"column":11}},"130":{"start":{"line":310,"column":2},"end":{"line":316,"column":3}},"131":{"start":{"line":311,"column":4},"end":{"line":314,"column":5}},"132":{"start":{"line":312,"column":6},"end":{"line":312,"column":43}},"133":{"start":{"line":313,"column":6},"end":{"line":313,"column":13}},"134":{"start":{"line":315,"column":4},"end":{"line":315,"column":30}},"135":{"start":{"line":318,"column":2},"end":{"line":325,"column":3}},"136":{"start":{"line":319,"column":4},"end":{"line":322,"column":5}},"137":{"start":{"line":320,"column":6},"end":{"line":320,"column":43}},"138":{"start":{"line":321,"column":6},"end":{"line":321,"column":13}},"139":{"start":{"line":324,"column":4},"end":{"line":324,"column":30}},"140":{"start":{"line":327,"column":2},"end":{"line":339,"column":3}},"141":{"start":{"line":328,"column":4},"end":{"line":331,"column":5}},"142":{"start":{"line":329,"column":6},"end":{"line":329,"column":43}},"143":{"start":{"line":330,"column":6},"end":{"line":330,"column":13}},"144":{"start":{"line":332,"column":4},"end":{"line":332,"column":30}},"145":{"start":{"line":333,"column":31},"end":{"line":333,"column":69}},"146":{"start":{"line":334,"column":4},"end":{"line":338,"column":6}},"147":{"start":{"line":340,"column":30},"end":{"line":340,"column":57}},"148":{"start":{"line":341,"column":2},"end":{"line":343,"column":4}},"149":{"start":{"line":297,"column":0},"end":{"line":297,"column":16}},"150":{"start":{"line":347,"column":16},"end":{"line":347,"column":29}},"151":{"start":{"line":348,"column":2},"end":{"line":348,"column":70}},"152":{"start":{"line":349,"column":2},"end":{"line":349,"column":32}},"153":{"start":{"line":350,"column":2},"end":{"line":350,"column":30}},"154":{"start":{"line":351,"column":2},"end":{"line":351,"column":31}},"155":{"start":{"line":353,"column":2},"end":{"line":353,"column":63}},"156":{"start":{"line":355,"column":29},"end":{"line":355,"column":67}},"157":{"start":{"line":356,"column":18},"end":{"line":356,"column":101}},"158":{"start":{"line":358,"column":2},"end":{"line":358,"column":38}},"159":{"start":{"line":359,"column":30},"end":{"line":359,"column":71}},"160":{"start":{"line":361,"column":4},"end":{"line":361,"column":64}},"161":{"start":{"line":362,"column":19},"end":{"line":362,"column":78}},"162":{"start":{"line":363,"column":18},"end":{"line":363,"column":59}},"163":{"start":{"line":364,"column":2},"end":{"line":369,"column":4}},"164":{"start":{"line":346,"column":0},"end":{"line":346,"column":16}}},"fnMap":{"0":{"name":"_download","decl":{"start":{"line":64,"column":16},"end":{"line":64,"column":25}},"loc":{"start":{"line":64,"column":66},"end":{"line":91,"column":1}}},"1":{"name":"_delete","decl":{"start":{"line":93,"column":16},"end":{"line":93,"column":23}},"loc":{"start":{"line":93,"column":64},"end":{"line":110,"column":1}}},"2":{"name":"_launch","decl":{"start":{"line":112,"column":16},"end":{"line":112,"column":23}},"loc":{"start":{"line":112,"column":73},"end":{"line":144,"column":1}}},"3":{"name":"_stop","decl":{"start":{"line":146,"column":16},"end":{"line":146,"column":21}},"loc":{"start":{"line":150,"column":23},"end":{"line":187,"column":1}}},"4":{"name":"_updateUptimeAlloc","decl":{"start":{"line":189,"column":16},"end":{"line":189,"column":34}},"loc":{"start":{"line":189,"column":63},"end":{"line":208,"column":1}}},"5":{"name":"_updateUptimeFee","decl":{"start":{"line":210,"column":16},"end":{"line":210,"column":32}},"loc":{"start":{"line":210,"column":50},"end":{"line":214,"column":1}}},"6":{"name":"_assertUsageOverrun","decl":{"start":{"line":216,"column":16},"end":{"line":216,"column":35}},"loc":{"start":{"line":216,"column":65},"end":{"line":243,"column":1}}},"7":{"name":"_fastForward","decl":{"start":{"line":245,"column":16},"end":{"line":245,"column":28}},"loc":{"start":{"line":245,"column":58},"end":{"line":254,"column":1}}},"8":{"name":"_upgrade","decl":{"start":{"line":256,"column":16},"end":{"line":256,"column":24}},"loc":{"start":{"line":256,"column":73},"end":{"line":295,"column":1}}},"9":{"name":"_change","decl":{"start":{"line":297,"column":16},"end":{"line":297,"column":23}},"loc":{"start":{"line":301,"column":18},"end":{"line":344,"column":1}}},"10":{"name":"_calcEOM","decl":{"start":{"line":346,"column":16},"end":{"line":346,"column":24}},"loc":{"start":{"line":346,"column":42},"end":{"line":370,"column":1}}}},"branchMap":{"0":{"loc":{"start":{"line":39,"column":2},"end":{"line":42,"column":3}},"type":"if","locations":[{"start":{"line":39,"column":2},"end":{"line":42,"column":3}}]},"1":{"loc":{"start":{"line":44,"column":2},"end":{"line":47,"column":3}},"type":"if","locations":[{"start":{"line":44,"column":2},"end":{"line":47,"column":3}}]},"2":{"loc":{"start":{"line":59,"column":6},"end":{"line":59,"column":56}},"type":"cond-expr","locations":[{"start":{"line":59,"column":24},"end":{"line":59,"column":49}},{"start":{"line":59,"column":52},"end":{"line":59,"column":56}}]},"3":{"loc":{"start":{"line":73,"column":2},"end":{"line":76,"column":3}},"type":"if","locations":[{"start":{"line":73,"column":2},"end":{"line":76,"column":3}}]},"4":{"loc":{"start":{"line":78,"column":2},"end":{"line":81,"column":3}},"type":"if","locations":[{"start":{"line":78,"column":2},"end":{"line":81,"column":3}}]},"5":{"loc":{"start":{"line":88,"column":6},"end":{"line":88,"column":56}},"type":"cond-expr","locations":[{"start":{"line":88,"column":24},"end":{"line":88,"column":49}},{"start":{"line":88,"column":52},"end":{"line":88,"column":56}}]},"6":{"loc":{"start":{"line":96,"column":2},"end":{"line":99,"column":3}},"type":"if","locations":[{"start":{"line":96,"column":2},"end":{"line":99,"column":3}}]},"7":{"loc":{"start":{"line":109,"column":53},"end":{"line":109,"column":79}},"type":"cond-expr","locations":[{"start":{"line":109,"column":71},"end":{"line":109,"column":72}},{"start":{"line":109,"column":75},"end":{"line":109,"column":79}}]},"8":{"loc":{"start":{"line":117,"column":4},"end":{"line":125,"column":null}},"type":"cond-expr","locations":[{"start":{"line":118,"column":8},"end":{"line":122,"column":null}},{"start":{"line":123,"column":7},"end":{"line":125,"column":null}}]},"9":{"loc":{"start":{"line":141,"column":6},"end":{"line":141,"column":56}},"type":"cond-expr","locations":[{"start":{"line":141,"column":24},"end":{"line":141,"column":49}},{"start":{"line":141,"column":52},"end":{"line":141,"column":56}}]},"10":{"loc":{"start":{"line":156,"column":2},"end":{"line":159,"column":3}},"type":"if","locations":[{"start":{"line":156,"column":2},"end":{"line":159,"column":3}}]},"11":{"loc":{"start":{"line":161,"column":2},"end":{"line":164,"column":3}},"type":"if","locations":[{"start":{"line":161,"column":2},"end":{"line":164,"column":3}}]},"12":{"loc":{"start":{"line":184,"column":6},"end":{"line":184,"column":56}},"type":"cond-expr","locations":[{"start":{"line":184,"column":24},"end":{"line":184,"column":49}},{"start":{"line":184,"column":52},"end":{"line":184,"column":56}}]},"13":{"loc":{"start":{"line":196,"column":4},"end":{"line":203,"column":5}},"type":"if","locations":[{"start":{"line":196,"column":4},"end":{"line":203,"column":5}}]},"14":{"loc":{"start":{"line":197,"column":6},"end":{"line":202,"column":7}},"type":"if","locations":[{"start":{"line":197,"column":6},"end":{"line":202,"column":7}},{"start":{"line":200,"column":13},"end":{"line":202,"column":7}}]},"15":{"loc":{"start":{"line":228,"column":20},"end":{"line":228,"column":51}},"type":"binary-expr","locations":[{"start":{"line":228,"column":20},"end":{"line":228,"column":29}},{"start":{"line":228,"column":33},"end":{"line":228,"column":51}}]},"16":{"loc":{"start":{"line":230,"column":2},"end":{"line":240,"column":3}},"type":"if","locations":[{"start":{"line":230,"column":2},"end":{"line":240,"column":3}}]},"17":{"loc":{"start":{"line":234,"column":6},"end":{"line":236,"column":7}},"type":"if","locations":[{"start":{"line":234,"column":6},"end":{"line":236,"column":7}}]},"18":{"loc":{"start":{"line":261,"column":2},"end":{"line":266,"column":3}},"type":"if","locations":[{"start":{"line":261,"column":2},"end":{"line":266,"column":3}}]},"19":{"loc":{"start":{"line":268,"column":2},"end":{"line":276,"column":3}},"type":"if","locations":[{"start":{"line":268,"column":2},"end":{"line":276,"column":3}}]},"20":{"loc":{"start":{"line":271,"column":4},"end":{"line":274,"column":5}},"type":"if","locations":[{"start":{"line":271,"column":4},"end":{"line":274,"column":5}}]},"21":{"loc":{"start":{"line":278,"column":2},"end":{"line":284,"column":3}},"type":"if","locations":[{"start":{"line":278,"column":2},"end":{"line":284,"column":3}}]},"22":{"loc":{"start":{"line":288,"column":2},"end":{"line":294,"column":52}},"type":"cond-expr","locations":[{"start":{"line":289,"column":6},"end":{"line":292,"column":null}},{"start":{"line":294,"column":6},"end":{"line":294,"column":52}}]},"23":{"loc":{"start":{"line":291,"column":10},"end":{"line":291,"column":60}},"type":"cond-expr","locations":[{"start":{"line":291,"column":28},"end":{"line":291,"column":53}},{"start":{"line":291,"column":56},"end":{"line":291,"column":60}}]},"24":{"loc":{"start":{"line":305,"column":2},"end":{"line":308,"column":3}},"type":"if","locations":[{"start":{"line":305,"column":2},"end":{"line":308,"column":3}}]},"25":{"loc":{"start":{"line":310,"column":2},"end":{"line":316,"column":3}},"type":"if","locations":[{"start":{"line":310,"column":2},"end":{"line":316,"column":3}}]},"26":{"loc":{"start":{"line":311,"column":4},"end":{"line":314,"column":5}},"type":"if","locations":[{"start":{"line":311,"column":4},"end":{"line":314,"column":5}}]},"27":{"loc":{"start":{"line":318,"column":2},"end":{"line":325,"column":3}},"type":"if","locations":[{"start":{"line":318,"column":2},"end":{"line":325,"column":3}}]},"28":{"loc":{"start":{"line":319,"column":4},"end":{"line":322,"column":5}},"type":"if","locations":[{"start":{"line":319,"column":4},"end":{"line":322,"column":5}}]},"29":{"loc":{"start":{"line":327,"column":2},"end":{"line":339,"column":3}},"type":"if","locations":[{"start":{"line":327,"column":2},"end":{"line":339,"column":3}}]},"30":{"loc":{"start":{"line":328,"column":4},"end":{"line":331,"column":5}},"type":"if","locations":[{"start":{"line":328,"column":4},"end":{"line":331,"column":5}}]},"31":{"loc":{"start":{"line":342,"column":29},"end":{"line":342,"column":79}},"type":"cond-expr","locations":[{"start":{"line":342,"column":47},"end":{"line":342,"column":72}},{"start":{"line":342,"column":75},"end":{"line":342,"column":79}}]},"32":{"loc":{"start":{"line":362,"column":19},"end":{"line":362,"column":78}},"type":"cond-expr","locations":[{"start":{"line":362,"column":50},"end":{"line":362,"column":61}},{"start":{"line":362,"column":64},"end":{"line":362,"column":78}}]},"33":{"loc":{"start":{"line":367,"column":6},"end":{"line":367,"column":56}},"type":"cond-expr","locations":[{"start":{"line":367,"column":24},"end":{"line":367,"column":49}},{"start":{"line":367,"column":52},"end":{"line":367,"column":56}}]}},"s":{"0":28,"1":28,"2":28,"3":29,"4":29,"5":29,"6":29,"7":29,"8":29,"9":29,"10":4,"11":4,"12":25,"13":1,"14":1,"15":24,"16":24,"17":24,"18":24,"19":24,"20":28,"21":21,"22":21,"23":21,"24":21,"25":2,"26":2,"27":19,"28":12,"29":12,"30":7,"31":7,"32":28,"33":27,"34":27,"35":15,"36":15,"37":12,"38":12,"39":12,"40":12,"41":28,"42":37,"43":37,"44":37,"45":37,"46":37,"47":37,"48":37,"49":37,"50":37,"51":37,"52":37,"53":28,"54":15,"55":15,"56":15,"57":15,"58":4,"59":4,"60":11,"61":8,"62":8,"63":3,"64":3,"65":3,"66":3,"67":3,"68":3,"69":3,"70":3,"71":28,"72":407,"73":407,"74":407,"75":407,"76":407,"77":681,"78":681,"79":655,"80":655,"81":26,"82":407,"83":407,"84":28,"85":273,"86":273,"87":273,"88":28,"89":273,"90":273,"91":273,"92":273,"93":273,"94":37,"95":37,"96":128,"97":128,"98":37,"99":273,"100":28,"101":273,"102":273,"103":273,"104":273,"105":273,"106":28,"107":10,"108":10,"109":10,"110":10,"111":7,"112":7,"113":7,"114":7,"115":10,"116":3,"117":3,"118":0,"119":0,"120":3,"121":10,"122":3,"123":10,"124":10,"125":28,"126":6,"127":6,"128":0,"129":0,"130":6,"131":1,"132":0,"133":0,"134":1,"135":6,"136":1,"137":0,"138":0,"139":1,"140":6,"141":4,"142":0,"143":0,"144":4,"145":4,"146":4,"147":6,"148":6,"149":28,"150":134,"151":134,"152":134,"153":134,"154":134,"155":134,"156":134,"157":134,"158":134,"159":134,"160":134,"161":134,"162":134,"163":134,"164":28},"f":{"0":21,"1":27,"2":37,"3":15,"4":407,"5":273,"6":273,"7":273,"8":10,"9":6,"10":134},"b":{"0":[4],"1":[1],"2":[0,24],"3":[2],"4":[12],"5":[0,7],"6":[15],"7":[0,12],"8":[37,0],"9":[34,3],"10":[4],"11":[8],"12":[3,0],"13":[681],"14":[655,26],"15":[273,267],"16":[37],"17":[128],"18":[7],"19":[3],"20":[0],"21":[3],"22":[7,3],"23":[3,4],"24":[0],"25":[1],"26":[0],"27":[1],"28":[0],"29":[4],"30":[0],"31":[2,4],"32":[24,110],"33":[2,132]}}
,"/home/jamesky/projects/examtrack/sansan-challenge-4605/src/constants.ts": {"path":"/home/jamesky/projects/examtrack/sansan-challenge-4605/src/constants.ts","statementMap":{"0":{"start":{"line":1,"column":0},"end":{"line":1,"column":42}},"1":{"start":{"line":3,"column":13},"end":{"line":3,"column":null}},"2":{"start":{"line":5,"column":13},"end":{"line":11,"column":2}},"3":{"start":{"line":13,"column":13},"end":{"line":16,"column":2}},"4":{"start":{"line":18,"column":13},"end":{"line":26,"column":null}},"5":{"start":{"line":28,"column":0},"end":{"line":28,"column":null}},"6":{"start":{"line":29,"column":2},"end":{"line":29,"column":null}},"7":{"start":{"line":30,"column":2},"end":{"line":30,"column":null}},"8":{"start":{"line":31,"column":2},"end":{"line":31,"column":null}},"9":{"start":{"line":32,"column":2},"end":{"line":32,"column":null}},"10":{"start":{"line":33,"column":2},"end":{"line":33,"column":null}},"11":{"start":{"line":34,"column":2},"end":{"line":34,"column":null}},"12":{"start":{"line":35,"column":2},"end":{"line":35,"column":null}},"13":{"start":{"line":36,"column":2},"end":{"line":36,"column":null}},"14":{"start":{"line":39,"column":0},"end":{"line":39,"column":null}},"15":{"start":{"line":40,"column":2},"end":{"line":40,"column":null}},"16":{"start":{"line":41,"column":2},"end":{"line":41,"column":null}},"17":{"start":{"line":42,"column":2},"end":{"line":42,"column":null}},"18":{"start":{"line":45,"column":13},"end":{"line":71,"column":2}},"19":{"start":{"line":46,"column":43},"end":{"line":46,"column":88}},"20":{"start":{"line":47,"column":51},"end":{"line":47,"column":72}},"21":{"start":{"line":49,"column":76},"end":{"line":49,"column":148}},"22":{"start":{"line":51,"column":28},"end":{"line":51,"column":53}},"23":{"start":{"line":52,"column":61},"end":{"line":52,"column":124}},"24":{"start":{"line":54,"column":26},"end":{"line":54,"column":49}},"25":{"start":{"line":55,"column":58},"end":{"line":55,"column":118}},"26":{"start":{"line":57,"column":64},"end":{"line":57,"column":130}},"27":{"start":{"line":59,"column":19},"end":{"line":59,"column":65}},"28":{"start":{"line":60,"column":62},"end":{"line":60,"column":126}},"29":{"start":{"line":62,"column":22},"end":{"line":62,"column":46}},"30":{"start":{"line":63,"column":47},"end":{"line":63,"column":97}},"31":{"start":{"line":64,"column":31},"end":{"line":64,"column":50}},"32":{"start":{"line":66,"column":21},"end":{"line":66,"column":44}},"33":{"start":{"line":67,"column":26},"end":{"line":67,"column":45}},"34":{"start":{"line":68,"column":41},"end":{"line":68,"column":90}},"35":{"start":{"line":70,"column":52},"end":{"line":70,"column":106}}},"fnMap":{"0":{"name":"(anonymous_0)","decl":{"start":{"line":28,"column":0},"end":{"line":28,"column":12}},"loc":{"start":{"line":28,"column":20},"end":{"line":37,"column":1}}},"1":{"name":"(anonymous_1)","decl":{"start":{"line":39,"column":0},"end":{"line":39,"column":12}},"loc":{"start":{"line":39,"column":18},"end":{"line":43,"column":1}}},"2":{"name":"(anonymous_2)","decl":{"start":{"line":46,"column":22},"end":{"line":46,"column":23}},"loc":{"start":{"line":46,"column":43},"end":{"line":46,"column":88}}},"3":{"name":"(anonymous_3)","decl":{"start":{"line":47,"column":16},"end":{"line":47,"column":17}},"loc":{"start":{"line":47,"column":51},"end":{"line":47,"column":72}}},"4":{"name":"(anonymous_4)","decl":{"start":{"line":49,"column":18},"end":{"line":49,"column":19}},"loc":{"start":{"line":49,"column":76},"end":{"line":49,"column":148}}},"5":{"name":"(anonymous_5)","decl":{"start":{"line":51,"column":22},"end":{"line":51,"column":25}},"loc":{"start":{"line":51,"column":28},"end":{"line":51,"column":53}}},"6":{"name":"(anonymous_6)","decl":{"start":{"line":52,"column":20},"end":{"line":52,"column":21}},"loc":{"start":{"line":52,"column":61},"end":{"line":52,"column":124}}},"7":{"name":"(anonymous_7)","decl":{"start":{"line":54,"column":20},"end":{"line":54,"column":23}},"loc":{"start":{"line":54,"column":26},"end":{"line":54,"column":49}}},"8":{"name":"(anonymous_8)","decl":{"start":{"line":55,"column":18},"end":{"line":55,"column":19}},"loc":{"start":{"line":55,"column":58},"end":{"line":55,"column":118}}},"9":{"name":"(anonymous_9)","decl":{"start":{"line":57,"column":18},"end":{"line":57,"column":19}},"loc":{"start":{"line":57,"column":64},"end":{"line":57,"column":130}}},"10":{"name":"(anonymous_10)","decl":{"start":{"line":59,"column":13},"end":{"line":59,"column":16}},"loc":{"start":{"line":59,"column":19},"end":{"line":59,"column":65}}},"11":{"name":"(anonymous_11)","decl":{"start":{"line":60,"column":16},"end":{"line":60,"column":17}},"loc":{"start":{"line":60,"column":62},"end":{"line":60,"column":126}}},"12":{"name":"(anonymous_12)","decl":{"start":{"line":62,"column":16},"end":{"line":62,"column":19}},"loc":{"start":{"line":62,"column":22},"end":{"line":62,"column":46}}},"13":{"name":"(anonymous_13)","decl":{"start":{"line":63,"column":24},"end":{"line":63,"column":25}},"loc":{"start":{"line":63,"column":47},"end":{"line":63,"column":97}}},"14":{"name":"(anonymous_14)","decl":{"start":{"line":64,"column":25},"end":{"line":64,"column":28}},"loc":{"start":{"line":64,"column":31},"end":{"line":64,"column":50}}},"15":{"name":"(anonymous_15)","decl":{"start":{"line":66,"column":15},"end":{"line":66,"column":18}},"loc":{"start":{"line":66,"column":21},"end":{"line":66,"column":44}}},"16":{"name":"(anonymous_16)","decl":{"start":{"line":67,"column":20},"end":{"line":67,"column":23}},"loc":{"start":{"line":67,"column":26},"end":{"line":67,"column":45}}},"17":{"name":"(anonymous_17)","decl":{"start":{"line":68,"column":18},"end":{"line":68,"column":19}},"loc":{"start":{"line":68,"column":41},"end":{"line":68,"column":90}}},"18":{"name":"(anonymous_18)","decl":{"start":{"line":70,"column":16},"end":{"line":70,"column":17}},"loc":{"start":{"line":70,"column":52},"end":{"line":70,"column":106}}}},"branchMap":{"0":{"loc":{"start":{"line":28,"column":12},"end":{"line":28,"column":null}},"type":"binary-expr","locations":[{"start":{"line":28,"column":12},"end":{"line":28,"column":20}},{"start":{"line":28,"column":20},"end":{"line":28,"column":null}}]},"1":{"loc":{"start":{"line":39,"column":12},"end":{"line":39,"column":null}},"type":"binary-expr","locations":[{"start":{"line":39,"column":12},"end":{"line":39,"column":18}},{"start":{"line":39,"column":18},"end":{"line":39,"column":null}}]},"2":{"loc":{"start":{"line":49,"column":110},"end":{"line":49,"column":146}},"type":"cond-expr","locations":[{"start":{"line":49,"column":117},"end":{"line":49,"column":140}},{"start":{"line":49,"column":143},"end":{"line":49,"column":146}}]},"3":{"loc":{"start":{"line":52,"column":86},"end":{"line":52,"column":122}},"type":"cond-expr","locations":[{"start":{"line":52,"column":93},"end":{"line":52,"column":116}},{"start":{"line":52,"column":119},"end":{"line":52,"column":122}}]},"4":{"loc":{"start":{"line":55,"column":80},"end":{"line":55,"column":116}},"type":"cond-expr","locations":[{"start":{"line":55,"column":87},"end":{"line":55,"column":110}},{"start":{"line":55,"column":113},"end":{"line":55,"column":116}}]},"5":{"loc":{"start":{"line":57,"column":92},"end":{"line":57,"column":128}},"type":"cond-expr","locations":[{"start":{"line":57,"column":99},"end":{"line":57,"column":122}},{"start":{"line":57,"column":125},"end":{"line":57,"column":128}}]},"6":{"loc":{"start":{"line":60,"column":88},"end":{"line":60,"column":124}},"type":"cond-expr","locations":[{"start":{"line":60,"column":95},"end":{"line":60,"column":118}},{"start":{"line":60,"column":121},"end":{"line":60,"column":124}}]},"7":{"loc":{"start":{"line":63,"column":59},"end":{"line":63,"column":95}},"type":"cond-expr","locations":[{"start":{"line":63,"column":66},"end":{"line":63,"column":89}},{"start":{"line":63,"column":92},"end":{"line":63,"column":95}}]},"8":{"loc":{"start":{"line":68,"column":52},"end":{"line":68,"column":88}},"type":"cond-expr","locations":[{"start":{"line":68,"column":59},"end":{"line":68,"column":82}},{"start":{"line":68,"column":85},"end":{"line":68,"column":88}}]},"9":{"loc":{"start":{"line":70,"column":68},"end":{"line":70,"column":104}},"type":"cond-expr","locations":[{"start":{"line":70,"column":75},"end":{"line":70,"column":98}},{"start":{"line":70,"column":101},"end":{"line":70,"column":104}}]}},"s":{"0":28,"1":28,"2":28,"3":28,"4":28,"5":28,"6":28,"7":28,"8":28,"9":28,"10":28,"11":28,"12":28,"13":28,"14":28,"15":28,"16":28,"17":28,"18":28,"19":11,"20":10,"21":26,"22":13,"23":8,"24":16,"25":13,"26":41,"27":13,"28":4,"29":0,"30":7,"31":3,"32":0,"33":0,"34":6,"35":134},"f":{"0":28,"1":28,"2":11,"3":10,"4":26,"5":13,"6":8,"7":16,"8":13,"9":41,"10":13,"11":4,"12":0,"13":7,"14":3,"15":0,"16":0,"17":6,"18":134},"b":{"0":[28,28],"1":[28,28],"2":[0,26],"3":[0,8],"4":[0,13],"5":[37,4],"6":[4,0],"7":[3,4],"8":[2,4],"9":[2,132]}}
,"/home/jamesky/projects/examtrack/sansan-challenge-4605/src/lib.ts": {"path":"/home/jamesky/projects/examtrack/sansan-challenge-4605/src/lib.ts","statementMap":{"0":{"start":{"line":1,"column":0},"end":{"line":1,"column":77}},"1":{"start":{"line":2,"column":0},"end":{"line":2,"column":null}},"2":{"start":{"line":11,"column":26},"end":{"line":26,"column":1}},"3":{"start":{"line":17,"column":22},"end":{"line":17,"column":62}},"4":{"start":{"line":18,"column":21},"end":{"line":18,"column":59}},"5":{"start":{"line":19,"column":20},"end":{"line":19,"column":56}},"6":{"start":{"line":21,"column":2},"end":{"line":25,"column":4}},"7":{"start":{"line":11,"column":13},"end":{"line":11,"column":26}},"8":{"start":{"line":28,"column":31},"end":{"line":37,"column":1}},"9":{"start":{"line":32,"column":2},"end":{"line":36,"column":8}},"10":{"start":{"line":28,"column":13},"end":{"line":28,"column":31}},"11":{"start":{"line":39,"column":30},"end":{"line":48,"column":1}},"12":{"start":{"line":43,"column":2},"end":{"line":47,"column":8}},"13":{"start":{"line":39,"column":13},"end":{"line":39,"column":30}},"14":{"start":{"line":50,"column":29},"end":{"line":58,"column":1}},"15":{"start":{"line":51,"column":29},"end":{"line":51,"column":73}},"16":{"start":{"line":52,"column":21},"end":{"line":52,"column":39}},"17":{"start":{"line":54,"column":2},"end":{"line":57,"column":8}},"18":{"start":{"line":50,"column":13},"end":{"line":50,"column":29}},"19":{"start":{"line":60,"column":31},"end":{"line":79,"column":1}},"20":{"start":{"line":61,"column":15},"end":{"line":61,"column":30}},"21":{"start":{"line":62,"column":19},"end":{"line":62,"column":28}},"22":{"start":{"line":63,"column":20},"end":{"line":63,"column":34}},"23":{"start":{"line":64,"column":21},"end":{"line":64,"column":55}},"24":{"start":{"line":65,"column":19},"end":{"line":65,"column":42}},"25":{"start":{"line":67,"column":2},"end":{"line":76,"column":3}},"26":{"start":{"line":68,"column":4},"end":{"line":75,"column":5}},"27":{"start":{"line":69,"column":19},"end":{"line":69,"column":30}},"28":{"start":{"line":71,"column":6},"end":{"line":71,"column":37}},"29":{"start":{"line":71,"column":28},"end":{"line":71,"column":37}},"30":{"start":{"line":73,"column":6},"end":{"line":74,"column":79}},"31":{"start":{"line":78,"column":2},"end":{"line":78,"column":20}},"32":{"start":{"line":60,"column":13},"end":{"line":60,"column":31}},"33":{"start":{"line":81,"column":36},"end":{"line":95,"column":1}},"34":{"start":{"line":86,"column":2},"end":{"line":86,"column":40}},"35":{"start":{"line":86,"column":27},"end":{"line":86,"column":40}},"36":{"start":{"line":89,"column":4},"end":{"line":89,"column":75}},"37":{"start":{"line":90,"column":21},"end":{"line":90,"column":44}},"38":{"start":{"line":91,"column":23},"end":{"line":91,"column":75}},"39":{"start":{"line":92,"column":19},"end":{"line":92,"column":54}},"40":{"start":{"line":94,"column":2},"end":{"line":94,"column":18}},"41":{"start":{"line":81,"column":13},"end":{"line":81,"column":36}},"42":{"start":{"line":97,"column":33},"end":{"line":99,"column":1}},"43":{"start":{"line":98,"column":2},"end":{"line":98,"column":46}},"44":{"start":{"line":97,"column":13},"end":{"line":97,"column":33}},"45":{"start":{"line":101,"column":33},"end":{"line":103,"column":1}},"46":{"start":{"line":102,"column":2},"end":{"line":102,"column":39}},"47":{"start":{"line":101,"column":13},"end":{"line":101,"column":33}},"48":{"start":{"line":105,"column":41},"end":{"line":107,"column":1}},"49":{"start":{"line":106,"column":2},"end":{"line":106,"column":65}},"50":{"start":{"line":105,"column":13},"end":{"line":105,"column":41}},"51":{"start":{"line":121,"column":16},"end":{"line":121,"column":29}},"52":{"start":{"line":128,"column":6},"end":{"line":128,"column":13}},"53":{"start":{"line":130,"column":4},"end":{"line":130,"column":66}},"54":{"start":{"line":132,"column":4},"end":{"line":132,"column":64}},"55":{"start":{"line":133,"column":21},"end":{"line":133,"column":39}},"56":{"start":{"line":134,"column":29},"end":{"line":136,"column":11}},"57":{"start":{"line":137,"column":20},"end":{"line":139,"column":11}},"58":{"start":{"line":141,"column":30},"end":{"line":141,"column":59}},"59":{"start":{"line":143,"column":4},"end":{"line":143,"column":68}},"60":{"start":{"line":145,"column":2},"end":{"line":151,"column":4}},"61":{"start":{"line":109,"column":0},"end":{"line":109,"column":16}},"62":{"start":{"line":154,"column":32},"end":{"line":156,"column":1}},"63":{"start":{"line":155,"column":2},"end":{"line":155,"column":66}},"64":{"start":{"line":155,"column":47},"end":{"line":155,"column":61}},"65":{"start":{"line":154,"column":13},"end":{"line":154,"column":32}},"66":{"start":{"line":163,"column":4},"end":{"line":163,"column":68}},"67":{"start":{"line":164,"column":26},"end":{"line":164,"column":63}},"68":{"start":{"line":165,"column":2},"end":{"line":165,"column":40}},"69":{"start":{"line":158,"column":0},"end":{"line":158,"column":16}},"70":{"start":{"line":173,"column":4},"end":{"line":173,"column":68}},"71":{"start":{"line":174,"column":26},"end":{"line":174,"column":62}},"72":{"start":{"line":175,"column":2},"end":{"line":175,"column":40}},"73":{"start":{"line":168,"column":0},"end":{"line":168,"column":16}},"74":{"start":{"line":182,"column":22},"end":{"line":182,"column":52}},"75":{"start":{"line":183,"column":26},"end":{"line":183,"column":52}},"76":{"start":{"line":184,"column":2},"end":{"line":184,"column":40}},"77":{"start":{"line":178,"column":0},"end":{"line":178,"column":16}}},"fnMap":{"0":{"name":"(anonymous_0)","decl":{"start":{"line":11,"column":26},"end":{"line":11,"column":null}},"loc":{"start":{"line":16,"column":4},"end":{"line":26,"column":1}}},"1":{"name":"(anonymous_1)","decl":{"start":{"line":28,"column":31},"end":{"line":28,"column":null}},"loc":{"start":{"line":31,"column":4},"end":{"line":37,"column":1}}},"2":{"name":"(anonymous_2)","decl":{"start":{"line":39,"column":30},"end":{"line":39,"column":null}},"loc":{"start":{"line":42,"column":4},"end":{"line":48,"column":1}}},"3":{"name":"(anonymous_3)","decl":{"start":{"line":50,"column":29},"end":{"line":50,"column":30}},"loc":{"start":{"line":50,"column":77},"end":{"line":58,"column":1}}},"4":{"name":"(anonymous_4)","decl":{"start":{"line":60,"column":31},"end":{"line":60,"column":32}},"loc":{"start":{"line":60,"column":66},"end":{"line":79,"column":1}}},"5":{"name":"(anonymous_5)","decl":{"start":{"line":81,"column":36},"end":{"line":81,"column":null}},"loc":{"start":{"line":85,"column":10},"end":{"line":95,"column":1}}},"6":{"name":"(anonymous_6)","decl":{"start":{"line":97,"column":33},"end":{"line":97,"column":34}},"loc":{"start":{"line":97,"column":50},"end":{"line":99,"column":1}}},"7":{"name":"(anonymous_7)","decl":{"start":{"line":101,"column":33},"end":{"line":101,"column":34}},"loc":{"start":{"line":101,"column":48},"end":{"line":103,"column":1}}},"8":{"name":"(anonymous_8)","decl":{"start":{"line":105,"column":41},"end":{"line":105,"column":42}},"loc":{"start":{"line":105,"column":59},"end":{"line":107,"column":1}}},"9":{"name":"calcLimits","decl":{"start":{"line":109,"column":16},"end":{"line":109,"column":26}},"loc":{"start":{"line":119,"column":3},"end":{"line":152,"column":1}}},"10":{"name":"(anonymous_10)","decl":{"start":{"line":154,"column":32},"end":{"line":154,"column":33}},"loc":{"start":{"line":154,"column":66},"end":{"line":156,"column":1}}},"11":{"name":"(anonymous_11)","decl":{"start":{"line":155,"column":37},"end":{"line":155,"column":38}},"loc":{"start":{"line":155,"column":47},"end":{"line":155,"column":61}}},"12":{"name":"checkChangeLimitT","decl":{"start":{"line":158,"column":16},"end":{"line":158,"column":33}},"loc":{"start":{"line":160,"column":18},"end":{"line":166,"column":1}}},"13":{"name":"checkChangeLimitS","decl":{"start":{"line":168,"column":16},"end":{"line":168,"column":33}},"loc":{"start":{"line":170,"column":18},"end":{"line":176,"column":1}}},"14":{"name":"checkChangeLimitU","decl":{"start":{"line":178,"column":16},"end":{"line":178,"column":33}},"loc":{"start":{"line":180,"column":18},"end":{"line":185,"column":1}}}},"branchMap":{"0":{"loc":{"start":{"line":32,"column":9},"end":{"line":36,"column":7}},"type":"cond-expr","locations":[{"start":{"line":33,"column":6},"end":{"line":35,"column":34}},{"start":{"line":36,"column":6},"end":{"line":36,"column":7}}]},"1":{"loc":{"start":{"line":43,"column":9},"end":{"line":47,"column":7}},"type":"cond-expr","locations":[{"start":{"line":44,"column":6},"end":{"line":46,"column":33}},{"start":{"line":47,"column":6},"end":{"line":47,"column":7}}]},"2":{"loc":{"start":{"line":54,"column":9},"end":{"line":57,"column":7}},"type":"cond-expr","locations":[{"start":{"line":55,"column":6},"end":{"line":56,"column":80}},{"start":{"line":57,"column":6},"end":{"line":57,"column":7}}]},"3":{"loc":{"start":{"line":54,"column":9},"end":{"line":54,"column":41}},"type":"binary-expr","locations":[{"start":{"line":54,"column":9},"end":{"line":54,"column":19}},{"start":{"line":54,"column":23},"end":{"line":54,"column":41}}]},"4":{"loc":{"start":{"line":64,"column":21},"end":{"line":64,"column":55}},"type":"cond-expr","locations":[{"start":{"line":64,"column":40},"end":{"line":64,"column":49}},{"start":{"line":64,"column":52},"end":{"line":64,"column":55}}]},"5":{"loc":{"start":{"line":68,"column":4},"end":{"line":75,"column":5}},"type":"if","locations":[{"start":{"line":68,"column":4},"end":{"line":75,"column":5}}]},"6":{"loc":{"start":{"line":71,"column":6},"end":{"line":71,"column":37}},"type":"if","locations":[{"start":{"line":71,"column":6},"end":{"line":71,"column":37}}]},"7":{"loc":{"start":{"line":86,"column":2},"end":{"line":86,"column":40}},"type":"if","locations":[{"start":{"line":86,"column":2},"end":{"line":86,"column":40}}]},"8":{"loc":{"start":{"line":123,"column":4},"end":{"line":123,"column":21}},"type":"default-arg","locations":[{"start":{"line":123,"column":20},"end":{"line":123,"column":21}}]},"9":{"loc":{"start":{"line":124,"column":4},"end":{"line":124,"column":20}},"type":"default-arg","locations":[{"start":{"line":124,"column":19},"end":{"line":124,"column":20}}]},"10":{"loc":{"start":{"line":125,"column":4},"end":{"line":125,"column":18}},"type":"default-arg","locations":[{"start":{"line":125,"column":17},"end":{"line":125,"column":18}}]},"11":{"loc":{"start":{"line":126,"column":4},"end":{"line":126,"column":17}},"type":"default-arg","locations":[{"start":{"line":126,"column":16},"end":{"line":126,"column":17}}]},"12":{"loc":{"start":{"line":127,"column":4},"end":{"line":127,"column":19}},"type":"default-arg","locations":[{"start":{"line":127,"column":18},"end":{"line":127,"column":19}}]},"13":{"loc":{"start":{"line":134,"column":29},"end":{"line":136,"column":11}},"type":"cond-expr","locations":[{"start":{"line":135,"column":6},"end":{"line":135,"column":47}},{"start":{"line":136,"column":6},"end":{"line":136,"column":11}}]},"14":{"loc":{"start":{"line":137,"column":20},"end":{"line":139,"column":11}},"type":"cond-expr","locations":[{"start":{"line":138,"column":6},"end":{"line":138,"column":45}},{"start":{"line":139,"column":6},"end":{"line":139,"column":11}}]},"15":{"loc":{"start":{"line":143,"column":4},"end":{"line":143,"column":68}},"type":"binary-expr","locations":[{"start":{"line":143,"column":4},"end":{"line":143,"column":23}},{"start":{"line":143,"column":27},"end":{"line":143,"column":68}}]},"16":{"loc":{"start":{"line":163,"column":4},"end":{"line":163,"column":68}},"type":"binary-expr","locations":[{"start":{"line":163,"column":4},"end":{"line":163,"column":34}},{"start":{"line":163,"column":38},"end":{"line":163,"column":68}}]},"17":{"loc":{"start":{"line":165,"column":9},"end":{"line":165,"column":39}},"type":"binary-expr","locations":[{"start":{"line":165,"column":9},"end":{"line":165,"column":20}},{"start":{"line":165,"column":24},"end":{"line":165,"column":39}}]},"18":{"loc":{"start":{"line":173,"column":4},"end":{"line":173,"column":68}},"type":"binary-expr","locations":[{"start":{"line":173,"column":4},"end":{"line":173,"column":34}},{"start":{"line":173,"column":38},"end":{"line":173,"column":68}}]},"19":{"loc":{"start":{"line":175,"column":9},"end":{"line":175,"column":39}},"type":"binary-expr","locations":[{"start":{"line":175,"column":9},"end":{"line":175,"column":20}},{"start":{"line":175,"column":24},"end":{"line":175,"column":39}}]},"20":{"loc":{"start":{"line":184,"column":9},"end":{"line":184,"column":39}},"type":"binary-expr","locations":[{"start":{"line":184,"column":9},"end":{"line":184,"column":20}},{"start":{"line":184,"column":24},"end":{"line":184,"column":39}}]}},"s":{"0":28,"1":28,"2":28,"3":30,"4":30,"5":30,"6":30,"7":28,"8":28,"9":31,"10":28,"11":28,"12":31,"13":28,"14":28,"15":304,"16":304,"17":304,"18":28,"19":28,"20":408,"21":408,"22":408,"23":408,"24":408,"25":408,"26":682,"27":682,"28":682,"29":637,"30":45,"31":408,"32":28,"33":28,"34":187,"35":134,"36":53,"37":53,"38":53,"39":53,"40":53,"41":28,"42":28,"43":186,"44":28,"45":28,"46":101,"47":28,"48":28,"49":54,"50":28,"51":525,"52":525,"53":525,"54":525,"55":525,"56":525,"57":525,"58":525,"59":525,"60":525,"61":28,"62":28,"63":188,"64":367,"65":28,"66":1,"67":1,"68":1,"69":28,"70":1,"71":1,"72":1,"73":28,"74":7,"75":7,"76":7,"77":28},"f":{"0":30,"1":31,"2":31,"3":304,"4":408,"5":187,"6":186,"7":101,"8":54,"9":525,"10":188,"11":367,"12":1,"13":1,"14":7},"b":{"0":[10,21],"1":[8,23],"2":[11,293],"3":[304,72],"4":[393,15],"5":[682],"6":[637],"7":[134],"8":[202],"9":[211],"10":[223],"11":[252],"12":[252],"13":[398,127],"14":[127,398],"15":[525,59],"16":[1,1],"17":[1,1],"18":[1,1],"19":[1,1],"20":[7,7]}}
,"/home/jamesky/projects/examtrack/sansan-challenge-4605/src/main.ts": {"path":"/home/jamesky/projects/examtrack/sansan-challenge-4605/src/main.ts","statementMap":{"0":{"start":{"line":2,"column":0},"end":{"line":2,"column":63}},"1":{"start":{"line":3,"column":0},"end":{"line":3,"column":47}},"2":{"start":{"line":4,"column":0},"end":{"line":4,"column":42}},"3":{"start":{"line":6,"column":23},"end":{"line":6,"column":35}},"4":{"start":{"line":7,"column":86},"end":{"line":7,"column":96}},"5":{"start":{"line":8,"column":2},"end":{"line":53,"column":5}},"6":{"start":{"line":9,"column":4},"end":{"line":9,"column":31}},"7":{"start":{"line":9,"column":24},"end":{"line":9,"column":31}},"8":{"start":{"line":10,"column":31},"end":{"line":10,"column":43}},"9":{"start":{"line":12,"column":4},"end":{"line":52,"column":5}},"10":{"start":{"line":14,"column":8},"end":{"line":14,"column":25}},"11":{"start":{"line":15,"column":8},"end":{"line":15,"column":14}},"12":{"start":{"line":18,"column":28},"end":{"line":18,"column":70}},"13":{"start":{"line":19,"column":8},"end":{"line":19,"column":39}},"14":{"start":{"line":20,"column":8},"end":{"line":20,"column":14}},"15":{"start":{"line":23,"column":27},"end":{"line":23,"column":69}},"16":{"start":{"line":24,"column":8},"end":{"line":24,"column":47}},"17":{"start":{"line":25,"column":8},"end":{"line":25,"column":14}},"18":{"start":{"line":28,"column":27},"end":{"line":28,"column":69}},"19":{"start":{"line":29,"column":8},"end":{"line":29,"column":37}},"20":{"start":{"line":30,"column":8},"end":{"line":30,"column":14}},"21":{"start":{"line":33,"column":25},"end":{"line":33,"column":67}},"22":{"start":{"line":34,"column":26},"end":{"line":34,"column":68}},"23":{"start":{"line":35,"column":8},"end":{"line":35,"column":44}},"24":{"start":{"line":36,"column":8},"end":{"line":36,"column":14}},"25":{"start":{"line":39,"column":27},"end":{"line":39,"column":69}},"26":{"start":{"line":40,"column":8},"end":{"line":40,"column":37}},"27":{"start":{"line":41,"column":8},"end":{"line":41,"column":14}},"28":{"start":{"line":44,"column":29},"end":{"line":44,"column":71}},"29":{"start":{"line":45,"column":8},"end":{"line":45,"column":41}},"30":{"start":{"line":46,"column":8},"end":{"line":46,"column":14}},"31":{"start":{"line":49,"column":27},"end":{"line":49,"column":69}},"32":{"start":{"line":50,"column":8},"end":{"line":50,"column":37}},"33":{"start":{"line":51,"column":8},"end":{"line":51,"column":14}},"34":{"start":{"line":5,"column":0},"end":{"line":5,"column":16}},"35":{"start":{"line":57,"column":2},"end":{"line":68,"column":5}},"36":{"start":{"line":58,"column":23},"end":{"line":58,"column":25}},"37":{"start":{"line":59,"column":4},"end":{"line":59,"column":27}},"38":{"start":{"line":60,"column":4},"end":{"line":60,"column":38}},"39":{"start":{"line":62,"column":4},"end":{"line":64,"column":7}},"40":{"start":{"line":63,"column":6},"end":{"line":63,"column":16}},"41":{"start":{"line":65,"column":4},"end":{"line":67,"column":7}},"42":{"start":{"line":66,"column":6},"end":{"line":66,"column":32}},"43":{"start":{"line":71,"column":0},"end":{"line":71,"column":27}}},"fnMap":{"0":{"name":"main","decl":{"start":{"line":5,"column":16},"end":{"line":5,"column":20}},"loc":{"start":{"line":5,"column":36},"end":{"line":54,"column":1}}},"1":{"name":"(anonymous_1)","decl":{"start":{"line":8,"column":16},"end":{"line":8,"column":17}},"loc":{"start":{"line":8,"column":25},"end":{"line":53,"column":3}}},"2":{"name":"readFromStdin","decl":{"start":{"line":56,"column":9},"end":{"line":56,"column":22}},"loc":{"start":{"line":56,"column":22},"end":{"line":69,"column":1}}},"3":{"name":"(anonymous_3)","decl":{"start":{"line":57,"column":21},"end":{"line":57,"column":22}},"loc":{"start":{"line":57,"column":33},"end":{"line":68,"column":3}}},"4":{"name":"(anonymous_4)","decl":{"start":{"line":62,"column":29},"end":{"line":62,"column":30}},"loc":{"start":{"line":62,"column":35},"end":{"line":64,"column":5}}},"5":{"name":"(anonymous_5)","decl":{"start":{"line":65,"column":28},"end":{"line":65,"column":31}},"loc":{"start":{"line":65,"column":33},"end":{"line":67,"column":5}}}},"branchMap":{"0":{"loc":{"start":{"line":9,"column":4},"end":{"line":9,"column":31}},"type":"if","locations":[{"start":{"line":9,"column":4},"end":{"line":9,"column":31}}]},"1":{"loc":{"start":{"line":9,"column":8},"end":{"line":9,"column":22}},"type":"binary-expr","locations":[{"start":{"line":9,"column":8},"end":{"line":9,"column":16}},{"start":{"line":9,"column":20},"end":{"line":9,"column":22}}]},"2":{"loc":{"start":{"line":12,"column":4},"end":{"line":52,"column":5}},"type":"switch","locations":[{"start":{"line":13,"column":6},"end":{"line":15,"column":14}},{"start":{"line":17,"column":6},"end":{"line":20,"column":14}},{"start":{"line":22,"column":6},"end":{"line":25,"column":14}},{"start":{"line":27,"column":6},"end":{"line":30,"column":14}},{"start":{"line":32,"column":6},"end":{"line":36,"column":14}},{"start":{"line":38,"column":6},"end":{"line":41,"column":14}},{"start":{"line":43,"column":6},"end":{"line":46,"column":14}},{"start":{"line":48,"column":6},"end":{"line":51,"column":14}}]}},"s":{"0":8,"1":8,"2":8,"3":8,"4":8,"5":8,"6":249,"7":0,"8":249,"9":249,"10":130,"11":130,"12":5,"13":5,"14":5,"15":4,"16":4,"17":4,"18":28,"19":28,"20":28,"21":15,"22":15,"23":15,"24":15,"25":22,"26":22,"27":22,"28":19,"29":19,"30":19,"31":26,"32":26,"33":26,"34":8,"35":8,"36":8,"37":8,"38":8,"39":8,"40":0,"41":8,"42":0,"43":8},"f":{"0":8,"1":249,"2":8,"3":8,"4":0,"5":0},"b":{"0":[0],"1":[249,249],"2":[130,5,4,28,15,22,19,26]}}
,"/home/jamesky/projects/examtrack/sansan-challenge-4605/src/service_store.ts": {"path":"/home/jamesky/projects/examtrack/sansan-challenge-4605/src/service_store.ts","statementMap":{"0":{"start":{"line":1,"column":0},"end":{"line":1,"column":46}},"1":{"start":{"line":2,"column":0},"end":{"line":2,"column":32}},"2":{"start":{"line":3,"column":0},"end":{"line":3,"column":38}},"3":{"start":{"line":4,"column":0},"end":{"line":4,"column":74}},"4":{"start":{"line":5,"column":0},"end":{"line":5,"column":null}},"5":{"start":{"line":20,"column":13},"end":{"line":59,"column":2}},"6":{"start":{"line":61,"column":13},"end":{"line":151,"column":4}},"7":{"start":{"line":61,"column":77},"end":{"line":151,"column":2}},"8":{"start":{"line":63,"column":24},"end":{"line":68,"column":null}},"9":{"start":{"line":65,"column":6},"end":{"line":65,"column":66}},"10":{"start":{"line":67,"column":6},"end":{"line":67,"column":22}},"11":{"start":{"line":72,"column":4},"end":{"line":76,"column":6}},"12":{"start":{"line":74,"column":8},"end":{"line":74,"column":34}},"13":{"start":{"line":80,"column":4},"end":{"line":85,"column":6}},"14":{"start":{"line":82,"column":8},"end":{"line":82,"column":34}},"15":{"start":{"line":83,"column":8},"end":{"line":83,"column":41}},"16":{"start":{"line":89,"column":4},"end":{"line":94,"column":6}},"17":{"start":{"line":91,"column":8},"end":{"line":91,"column":34}},"18":{"start":{"line":92,"column":8},"end":{"line":92,"column":48}},"19":{"start":{"line":98,"column":4},"end":{"line":105,"column":6}},"20":{"start":{"line":100,"column":30},"end":{"line":100,"column":55}},"21":{"start":{"line":101,"column":8},"end":{"line":103,"column":39}},"22":{"start":{"line":109,"column":4},"end":{"line":116,"column":6}},"23":{"start":{"line":111,"column":30},"end":{"line":111,"column":55}},"24":{"start":{"line":112,"column":8},"end":{"line":114,"column":41}},"25":{"start":{"line":120,"column":4},"end":{"line":127,"column":6}},"26":{"start":{"line":122,"column":30},"end":{"line":122,"column":55}},"27":{"start":{"line":123,"column":8},"end":{"line":125,"column":39}},"28":{"start":{"line":131,"column":4},"end":{"line":138,"column":6}},"29":{"start":{"line":133,"column":30},"end":{"line":133,"column":55}},"30":{"start":{"line":134,"column":8},"end":{"line":136,"column":48}},"31":{"start":{"line":142,"column":4},"end":{"line":149,"column":6}},"32":{"start":{"line":144,"column":30},"end":{"line":144,"column":55}},"33":{"start":{"line":145,"column":8},"end":{"line":147,"column":53}}},"fnMap":{"0":{"name":"(anonymous_0)","decl":{"start":{"line":61,"column":67},"end":{"line":61,"column":68}},"loc":{"start":{"line":61,"column":77},"end":{"line":151,"column":2}}},"1":{"name":"(anonymous_1)","decl":{"start":{"line":63,"column":18},"end":{"line":63,"column":21}},"loc":{"start":{"line":63,"column":24},"end":{"line":68,"column":null}}},"2":{"name":"(anonymous_2)","decl":{"start":{"line":64,"column":12},"end":{"line":64,"column":13}},"loc":{"start":{"line":64,"column":34},"end":{"line":68,"column":5}}},"3":{"name":"(anonymous_3)","decl":{"start":{"line":71,"column":15},"end":{"line":71,"column":16}},"loc":{"start":{"line":71,"column":47},"end":{"line":77,"column":3}}},"4":{"name":"(anonymous_4)","decl":{"start":{"line":73,"column":14},"end":{"line":73,"column":15}},"loc":{"start":{"line":73,"column":36},"end":{"line":75,"column":7}}},"5":{"name":"(anonymous_5)","decl":{"start":{"line":79,"column":2},"end":{"line":79,"column":9}},"loc":{"start":{"line":79,"column":25},"end":{"line":86,"column":3}}},"6":{"name":"(anonymous_6)","decl":{"start":{"line":81,"column":14},"end":{"line":81,"column":15}},"loc":{"start":{"line":81,"column":36},"end":{"line":84,"column":7}}},"7":{"name":"(anonymous_7)","decl":{"start":{"line":88,"column":2},"end":{"line":88,"column":8}},"loc":{"start":{"line":88,"column":32},"end":{"line":95,"column":3}}},"8":{"name":"(anonymous_8)","decl":{"start":{"line":90,"column":14},"end":{"line":90,"column":15}},"loc":{"start":{"line":90,"column":36},"end":{"line":93,"column":7}}},"9":{"name":"(anonymous_9)","decl":{"start":{"line":97,"column":10},"end":{"line":97,"column":11}},"loc":{"start":{"line":97,"column":39},"end":{"line":106,"column":3}}},"10":{"name":"(anonymous_10)","decl":{"start":{"line":99,"column":14},"end":{"line":99,"column":15}},"loc":{"start":{"line":99,"column":36},"end":{"line":104,"column":7}}},"11":{"name":"(anonymous_11)","decl":{"start":{"line":108,"column":12},"end":{"line":108,"column":13}},"loc":{"start":{"line":108,"column":41},"end":{"line":117,"column":3}}},"12":{"name":"(anonymous_12)","decl":{"start":{"line":110,"column":14},"end":{"line":110,"column":15}},"loc":{"start":{"line":110,"column":36},"end":{"line":115,"column":7}}},"13":{"name":"(anonymous_13)","decl":{"start":{"line":119,"column":10},"end":{"line":119,"column":11}},"loc":{"start":{"line":119,"column":39},"end":{"line":128,"column":3}}},"14":{"name":"(anonymous_14)","decl":{"start":{"line":121,"column":14},"end":{"line":121,"column":15}},"loc":{"start":{"line":121,"column":36},"end":{"line":126,"column":7}}},"15":{"name":"(anonymous_15)","decl":{"start":{"line":130,"column":10},"end":{"line":130,"column":11}},"loc":{"start":{"line":130,"column":48},"end":{"line":139,"column":3}}},"16":{"name":"(anonymous_16)","decl":{"start":{"line":132,"column":14},"end":{"line":132,"column":15}},"loc":{"start":{"line":132,"column":36},"end":{"line":137,"column":7}}},"17":{"name":"(anonymous_17)","decl":{"start":{"line":141,"column":8},"end":{"line":141,"column":9}},"loc":{"start":{"line":141,"column":59},"end":{"line":150,"column":3}}},"18":{"name":"(anonymous_18)","decl":{"start":{"line":143,"column":14},"end":{"line":143,"column":15}},"loc":{"start":{"line":143,"column":36},"end":{"line":148,"column":7}}}},"branchMap":{"0":{"loc":{"start":{"line":101,"column":8},"end":{"line":103,"column":38}},"type":"cond-expr","locations":[{"start":{"line":102,"column":12},"end":{"line":102,"column":70}},{"start":{"line":103,"column":12},"end":{"line":103,"column":38}}]},"1":{"loc":{"start":{"line":112,"column":8},"end":{"line":114,"column":40}},"type":"cond-expr","locations":[{"start":{"line":113,"column":12},"end":{"line":113,"column":72}},{"start":{"line":114,"column":12},"end":{"line":114,"column":40}}]},"2":{"loc":{"start":{"line":123,"column":8},"end":{"line":125,"column":38}},"type":"cond-expr","locations":[{"start":{"line":124,"column":12},"end":{"line":124,"column":70}},{"start":{"line":125,"column":12},"end":{"line":125,"column":38}}]},"3":{"loc":{"start":{"line":134,"column":8},"end":{"line":136,"column":47}},"type":"cond-expr","locations":[{"start":{"line":135,"column":12},"end":{"line":135,"column":70}},{"start":{"line":136,"column":12},"end":{"line":136,"column":47}}]},"4":{"loc":{"start":{"line":145,"column":8},"end":{"line":147,"column":52}},"type":"cond-expr","locations":[{"start":{"line":146,"column":12},"end":{"line":146,"column":68}},{"start":{"line":147,"column":12},"end":{"line":147,"column":52}}]}},"s":{"0":28,"1":28,"2":28,"3":28,"4":28,"5":28,"6":28,"7":28,"8":134,"9":134,"10":134,"11":0,"12":0,"13":6,"14":6,"15":6,"16":6,"17":6,"18":6,"19":26,"20":26,"21":26,"22":20,"23":20,"24":20,"25":28,"26":28,"27":28,"28":33,"29":33,"30":33,"31":16,"32":16,"33":16},"f":{"0":28,"1":134,"2":134,"3":0,"4":0,"5":6,"6":6,"7":6,"8":6,"9":26,"10":26,"11":20,"12":20,"13":28,"14":28,"15":33,"16":33,"17":16,"18":16},"b":{"0":[1,25],"1":[2,18],"2":[3,25],"3":[2,31],"4":[3,13]}}
}
