TN:
SF:src/commands.ts
FN:64,_download
FN:93,_delete
FN:112,_launch
FN:146,_stop
FN:189,_updateUptimeAlloc
FN:210,_updateUptimeFee
FN:216,_assertUsageOverrun
FN:245,_fastForward
FN:256,_upgrade
FN:297,_change
FN:346,_calcEOM
FNF:11
FNH:11
FNDA:21,_download
FNDA:27,_delete
FNDA:37,_launch
FNDA:15,_stop
FNDA:407,_updateUptimeAlloc
FNDA:273,_updateUptimeFee
FNDA:273,_assertUsageOverrun
FNDA:273,_fastForward
FNDA:10,_upgrade
FNDA:6,_change
FNDA:134,_calcEOM
DA:1,28
DA:2,28
DA:14,28
DA:16,28
DA:21,29
DA:22,29
DA:23,29
DA:24,29
DA:26,29
DA:33,29
DA:39,29
DA:40,4
DA:41,4
DA:44,25
DA:45,1
DA:46,1
DA:49,24
DA:50,24
DA:52,24
DA:53,24
DA:55,24
DA:64,28
DA:65,21
DA:66,21
DA:69,21
DA:73,21
DA:74,2
DA:75,2
DA:78,19
DA:79,12
DA:80,12
DA:83,7
DA:85,7
DA:93,28
DA:94,27
DA:96,27
DA:97,15
DA:98,15
DA:101,12
DA:103,12
DA:107,12
DA:109,12
DA:112,28
DA:113,37
DA:114,37
DA:115,37
DA:117,37
DA:128,37
DA:129,37
DA:131,37
DA:133,37
DA:134,37
DA:136,37
DA:138,37
DA:146,28
DA:152,15
DA:153,15
DA:154,15
DA:156,15
DA:157,4
DA:158,4
DA:161,11
DA:162,8
DA:163,8
DA:166,3
DA:171,3
DA:172,3
DA:174,3
DA:176,3
DA:177,3
DA:179,3
DA:181,3
DA:189,28
DA:190,407
DA:191,407
DA:192,407
DA:193,407
DA:195,407
DA:196,681
DA:197,681
DA:198,655
DA:199,655
DA:201,26
DA:206,407
DA:207,407
DA:210,28
DA:211,273
DA:212,273
DA:213,273
DA:216,28
DA:217,273
DA:218,273
DA:220,273
DA:228,273
DA:230,273
DA:231,37
DA:233,37
DA:234,128
DA:235,128
DA:239,37
DA:242,273
DA:245,28
DA:246,273
DA:247,273
DA:248,273
DA:249,273
DA:251,273
DA:256,28
DA:257,10
DA:258,10
DA:259,10
DA:261,10
DA:262,7
DA:263,7
DA:264,7
DA:265,7
DA:268,10
DA:269,3
DA:271,3
DA:272,0
DA:273,0
DA:275,3
DA:278,10
DA:279,3
DA:286,10
DA:288,10
DA:297,28
DA:303,6
DA:305,6
DA:306,0
DA:307,0
DA:310,6
DA:311,1
DA:312,0
DA:313,0
DA:315,1
DA:318,6
DA:319,1
DA:320,0
DA:321,0
DA:324,1
DA:327,6
DA:328,4
DA:329,0
DA:330,0
DA:332,4
DA:333,4
DA:334,4
DA:340,6
DA:341,6
DA:346,28
DA:347,134
DA:348,134
DA:349,134
DA:350,134
DA:351,134
DA:353,134
DA:355,134
DA:356,134
DA:358,134
DA:359,134
DA:361,134
DA:362,134
DA:363,134
DA:364,134
LF:165
LH:155
BRDA:39,0,0,4
BRDA:44,1,0,1
BRDA:59,2,0,0
BRDA:59,2,1,24
BRDA:73,3,0,2
BRDA:78,4,0,12
BRDA:88,5,0,0
BRDA:88,5,1,7
BRDA:96,6,0,15
BRDA:109,7,0,0
BRDA:109,7,1,12
BRDA:117,8,0,37
BRDA:117,8,1,0
BRDA:141,9,0,34
BRDA:141,9,1,3
BRDA:156,10,0,4
BRDA:161,11,0,8
BRDA:184,12,0,3
BRDA:184,12,1,0
BRDA:196,13,0,681
BRDA:197,14,0,655
BRDA:197,14,1,26
BRDA:228,15,0,273
BRDA:228,15,1,267
BRDA:230,16,0,37
BRDA:234,17,0,128
BRDA:261,18,0,7
BRDA:268,19,0,3
BRDA:271,20,0,0
BRDA:278,21,0,3
BRDA:288,22,0,7
BRDA:288,22,1,3
BRDA:291,23,0,3
BRDA:291,23,1,4
BRDA:305,24,0,0
BRDA:310,25,0,1
BRDA:311,26,0,0
BRDA:318,27,0,1
BRDA:319,28,0,0
BRDA:327,29,0,4
BRDA:328,30,0,0
BRDA:342,31,0,2
BRDA:342,31,1,4
BRDA:362,32,0,24
BRDA:362,32,1,110
BRDA:367,33,0,2
BRDA:367,33,1,132
BRF:47
BRH:37
end_of_record
TN:
SF:src/constants.ts
FN:28,(anonymous_0)
FN:39,(anonymous_1)
FN:46,(anonymous_2)
FN:47,(anonymous_3)
FN:49,(anonymous_4)
FN:51,(anonymous_5)
FN:52,(anonymous_6)
FN:54,(anonymous_7)
FN:55,(anonymous_8)
FN:57,(anonymous_9)
FN:59,(anonymous_10)
FN:60,(anonymous_11)
FN:62,(anonymous_12)
FN:63,(anonymous_13)
FN:64,(anonymous_14)
FN:66,(anonymous_15)
FN:67,(anonymous_16)
FN:68,(anonymous_17)
FN:70,(anonymous_18)
FNF:19
FNH:16
FNDA:28,(anonymous_0)
FNDA:28,(anonymous_1)
FNDA:11,(anonymous_2)
FNDA:10,(anonymous_3)
FNDA:26,(anonymous_4)
FNDA:13,(anonymous_5)
FNDA:8,(anonymous_6)
FNDA:16,(anonymous_7)
FNDA:13,(anonymous_8)
FNDA:41,(anonymous_9)
FNDA:13,(anonymous_10)
FNDA:4,(anonymous_11)
FNDA:0,(anonymous_12)
FNDA:7,(anonymous_13)
FNDA:3,(anonymous_14)
FNDA:0,(anonymous_15)
FNDA:0,(anonymous_16)
FNDA:6,(anonymous_17)
FNDA:134,(anonymous_18)
DA:1,28
DA:3,28
DA:5,28
DA:13,28
DA:18,28
DA:28,28
DA:29,28
DA:30,28
DA:31,28
DA:32,28
DA:33,28
DA:34,28
DA:35,28
DA:36,28
DA:39,28
DA:40,28
DA:41,28
DA:42,28
DA:45,28
DA:46,11
DA:47,10
DA:49,26
DA:51,13
DA:52,8
DA:54,16
DA:55,13
DA:57,41
DA:59,13
DA:60,4
DA:62,0
DA:63,7
DA:64,3
DA:66,0
DA:67,0
DA:68,6
DA:70,134
LF:36
LH:33
BRDA:28,0,0,28
BRDA:28,0,1,28
BRDA:39,1,0,28
BRDA:39,1,1,28
BRDA:49,2,0,0
BRDA:49,2,1,26
BRDA:52,3,0,0
BRDA:52,3,1,8
BRDA:55,4,0,0
BRDA:55,4,1,13
BRDA:57,5,0,37
BRDA:57,5,1,4
BRDA:60,6,0,4
BRDA:60,6,1,0
BRDA:63,7,0,3
BRDA:63,7,1,4
BRDA:68,8,0,2
BRDA:68,8,1,4
BRDA:70,9,0,2
BRDA:70,9,1,132
BRF:20
BRH:16
end_of_record
TN:
SF:src/lib.ts
FN:11,(anonymous_0)
FN:28,(anonymous_1)
FN:39,(anonymous_2)
FN:50,(anonymous_3)
FN:60,(anonymous_4)
FN:81,(anonymous_5)
FN:97,(anonymous_6)
FN:101,(anonymous_7)
FN:105,(anonymous_8)
FN:109,calcLimits
FN:154,(anonymous_10)
FN:155,(anonymous_11)
FN:158,checkChangeLimitT
FN:168,checkChangeLimitS
FN:178,checkChangeLimitU
FNF:15
FNH:15
FNDA:30,(anonymous_0)
FNDA:31,(anonymous_1)
FNDA:31,(anonymous_2)
FNDA:304,(anonymous_3)
FNDA:408,(anonymous_4)
FNDA:187,(anonymous_5)
FNDA:186,(anonymous_6)
FNDA:101,(anonymous_7)
FNDA:54,(anonymous_8)
FNDA:525,calcLimits
FNDA:188,(anonymous_10)
FNDA:367,(anonymous_11)
FNDA:1,checkChangeLimitT
FNDA:1,checkChangeLimitS
FNDA:7,checkChangeLimitU
DA:1,28
DA:2,28
DA:11,28
DA:17,30
DA:18,30
DA:19,30
DA:21,30
DA:28,28
DA:32,31
DA:39,28
DA:43,31
DA:50,28
DA:51,304
DA:52,304
DA:54,304
DA:60,28
DA:61,408
DA:62,408
DA:63,408
DA:64,408
DA:65,408
DA:67,408
DA:68,682
DA:69,682
DA:71,682
DA:73,45
DA:78,408
DA:81,28
DA:86,187
DA:89,53
DA:90,53
DA:91,53
DA:92,53
DA:94,53
DA:97,28
DA:98,186
DA:101,28
DA:102,101
DA:105,28
DA:106,54
DA:109,28
DA:121,525
DA:128,525
DA:130,525
DA:132,525
DA:133,525
DA:134,525
DA:137,525
DA:141,525
DA:143,525
DA:145,525
DA:154,28
DA:155,367
DA:158,28
DA:163,1
DA:164,1
DA:165,1
DA:168,28
DA:173,1
DA:174,1
DA:175,1
DA:178,28
DA:182,7
DA:183,7
DA:184,7
LF:65
LH:65
BRDA:32,0,0,10
BRDA:32,0,1,21
BRDA:43,1,0,8
BRDA:43,1,1,23
BRDA:54,2,0,11
BRDA:54,2,1,293
BRDA:54,3,0,304
BRDA:54,3,1,72
BRDA:64,4,0,393
BRDA:64,4,1,15
BRDA:68,5,0,682
BRDA:71,6,0,637
BRDA:86,7,0,134
BRDA:123,8,0,202
BRDA:124,9,0,211
BRDA:125,10,0,223
BRDA:126,11,0,252
BRDA:127,12,0,252
BRDA:134,13,0,398
BRDA:134,13,1,127
BRDA:137,14,0,127
BRDA:137,14,1,398
BRDA:143,15,0,525
BRDA:143,15,1,59
BRDA:163,16,0,1
BRDA:163,16,1,1
BRDA:165,17,0,1
BRDA:165,17,1,1
BRDA:173,18,0,1
BRDA:173,18,1,1
BRDA:175,19,0,1
BRDA:175,19,1,1
BRDA:184,20,0,7
BRDA:184,20,1,7
BRF:34
BRH:34
end_of_record
TN:
SF:src/main.ts
FN:5,main
FN:8,(anonymous_1)
FN:56,readFromStdin
FN:57,(anonymous_3)
FN:62,(anonymous_4)
FN:65,(anonymous_5)
FNF:6
FNH:4
FNDA:8,main
FNDA:249,(anonymous_1)
FNDA:8,readFromStdin
FNDA:8,(anonymous_3)
FNDA:0,(anonymous_4)
FNDA:0,(anonymous_5)
DA:2,8
DA:3,8
DA:4,8
DA:5,8
DA:6,8
DA:7,8
DA:8,8
DA:9,249
DA:10,249
DA:12,249
DA:14,130
DA:15,130
DA:18,5
DA:19,5
DA:20,5
DA:23,4
DA:24,4
DA:25,4
DA:28,28
DA:29,28
DA:30,28
DA:33,15
DA:34,15
DA:35,15
DA:36,15
DA:39,22
DA:40,22
DA:41,22
DA:44,19
DA:45,19
DA:46,19
DA:49,26
DA:50,26
DA:51,26
DA:57,8
DA:58,8
DA:59,8
DA:60,8
DA:62,8
DA:63,0
DA:65,8
DA:66,0
DA:71,8
LF:43
LH:41
BRDA:9,0,0,0
BRDA:9,1,0,249
BRDA:9,1,1,249
BRDA:12,2,0,130
BRDA:12,2,1,5
BRDA:12,2,2,4
BRDA:12,2,3,28
BRDA:12,2,4,15
BRDA:12,2,5,22
BRDA:12,2,6,19
BRDA:12,2,7,26
BRF:11
BRH:10
end_of_record
TN:
SF:src/service_store.ts
FN:61,(anonymous_0)
FN:63,(anonymous_1)
FN:64,(anonymous_2)
FN:71,(anonymous_3)
FN:73,(anonymous_4)
FN:79,(anonymous_5)
FN:81,(anonymous_6)
FN:88,(anonymous_7)
FN:90,(anonymous_8)
FN:97,(anonymous_9)
FN:99,(anonymous_10)
FN:108,(anonymous_11)
FN:110,(anonymous_12)
FN:119,(anonymous_13)
FN:121,(anonymous_14)
FN:130,(anonymous_15)
FN:132,(anonymous_16)
FN:141,(anonymous_17)
FN:143,(anonymous_18)
FNF:19
FNH:17
FNDA:28,(anonymous_0)
FNDA:134,(anonymous_1)
FNDA:134,(anonymous_2)
FNDA:0,(anonymous_3)
FNDA:0,(anonymous_4)
FNDA:6,(anonymous_5)
FNDA:6,(anonymous_6)
FNDA:6,(anonymous_7)
FNDA:6,(anonymous_8)
FNDA:26,(anonymous_9)
FNDA:26,(anonymous_10)
FNDA:20,(anonymous_11)
FNDA:20,(anonymous_12)
FNDA:28,(anonymous_13)
FNDA:28,(anonymous_14)
FNDA:33,(anonymous_15)
FNDA:33,(anonymous_16)
FNDA:16,(anonymous_17)
FNDA:16,(anonymous_18)
DA:1,28
DA:2,28
DA:3,28
DA:4,28
DA:5,28
DA:20,28
DA:61,28
DA:63,134
DA:65,134
DA:67,134
DA:72,0
DA:74,0
DA:80,6
DA:82,6
DA:83,6
DA:89,6
DA:91,6
DA:92,6
DA:98,26
DA:100,26
DA:101,26
DA:109,20
DA:111,20
DA:112,20
DA:120,28
DA:122,28
DA:123,28
DA:131,33
DA:133,33
DA:134,33
DA:142,16
DA:144,16
DA:145,16
LF:33
LH:31
BRDA:101,0,0,1
BRDA:101,0,1,25
BRDA:112,1,0,2
BRDA:112,1,1,18
BRDA:123,2,0,3
BRDA:123,2,1,25
BRDA:134,3,0,2
BRDA:134,3,1,31
BRDA:145,4,0,3
BRDA:145,4,1,13
BRF:10
BRH:10
end_of_record
